This is XeTeX, Version 3.1415926-2.5-0.9999.3 (MiKTeX 2.9 64-bit) (preloaded format=xelatex 2018.4.3)  16 JAN 2020 22:31
entering extended mode
**template_multifile.tex
("F:\Phd Files\博士生答辩相关\毕业论文\分享模板\template_multifile.tex"
LaTeX2e <2011/06/27>
Babel <v3.8m> and hyphenation patterns for english, afrikaans, ancientgreek, ar
abic, armenian, assamese, basque, bengali, bokmal, bulgarian, catalan, coptic, 
croatian, czech, danish, dutch, esperanto, estonian, farsi, finnish, french, ga
lician, german, german-x-2013-05-26, greek, gujarati, hindi, hungarian, iceland
ic, indonesian, interlingua, irish, italian, kannada, kurmanji, latin, latvian,
 lithuanian, malayalam, marathi, mongolian, mongolianlmc, monogreek, ngerman, n
german-x-2013-05-26, nynorsk, oriya, panjabi, pinyin, polish, portuguese, roman
ian, russian, sanskrit, serbian, slovak, slovenian, spanish, swedish, swissgerm
an, tamil, telugu, turkish, turkmen, ukenglish, ukrainian, uppersorbian, usengl
ishmax, welsh, loaded.
("F:\Phd Files\博士生答辩相关\毕业论文\分享模板\thesis-uestc.cls"
Document Class: thesis-uestc 
("E:\Program Files\MiKTeX 2.9\tex\latex\base\book.cls"
Document Class: book 2007/10/19 v1.4h Standard LaTeX document class
("E:\Program Files\MiKTeX 2.9\tex\latex\base\bk12.clo"
File: bk12.clo 2007/10/19 v1.4h Standard LaTeX file (size option)
Requested font "cmr12" at 12.0pt
)
\c@part=\count80
\c@chapter=\count81
\c@section=\count82
\c@subsection=\count83
\c@subsubsection=\count84
\c@paragraph=\count85
\c@subparagraph=\count86
\c@figure=\count87
\c@table=\count88
\abovecaptionskip=\skip41
\belowcaptionskip=\skip42
\bibindent=\dimen102
)
("E:\Program Files\MiKTeX 2.9\tex\generic\ifxetex\ifxetex.sty"
Package: ifxetex 2010/09/12 v0.6 Provides ifxetex conditional
)
("E:\Program Files\MiKTeX 2.9\tex\latex\xcolor\xcolor.sty"
Package: xcolor 2007/01/21 v2.11 LaTeX color extensions (UK)

("E:\Program Files\MiKTeX 2.9\tex\latex\00miktex\color.cfg"
File: color.cfg 2007/01/18 v1.5 color configuration of teTeX/TeXLive
)
Package xcolor Info: Package option `usenames' ignored on input line 216.
Package xcolor Info: Driver file: xetex.def on input line 225.

("E:\Program Files\MiKTeX 2.9\tex\xelatex\xetex-def\xetex.def"
File: xetex.def 2013/04/29 v0.96 LaTeX color/graphics driver for XeTeX (RRM/JK)

)
("E:\Program Files\MiKTeX 2.9\tex\latex\colortbl\colortbl.sty"
Package: colortbl 2012/02/13 v1.0a Color table columns (DPC)

("E:\Program Files\MiKTeX 2.9\tex\latex\tools\array.sty"
Package: array 2008/09/09 v2.4c Tabular extension package (FMi)
\col@sep=\dimen103
\extrarowheight=\dimen104
\NC@list=\toks14
\extratabsurround=\skip43
\backup@length=\skip44
)
\everycr=\toks15
\minrowclearance=\skip45
)
\rownum=\count89
Package xcolor Info: Model `cmy' substituted by `cmy0' on input line 1337.
Package xcolor Info: Model `RGB' extended on input line 1353.
Package xcolor Info: Model `HTML' substituted by `rgb' on input line 1355.
Package xcolor Info: Model `Hsb' substituted by `hsb' on input line 1356.
Package xcolor Info: Model `tHsb' substituted by `hsb' on input line 1357.
Package xcolor Info: Model `HSB' substituted by `hsb' on input line 1358.
Package xcolor Info: Model `Gray' substituted by `gray' on input line 1359.
Package xcolor Info: Model `wave' substituted by `hsb' on input line 1360.

("E:\Program Files\MiKTeX 2.9\tex\latex\graphics\dvipsnam.def"
File: dvipsnam.def 1999/02/16 v3.0i Driver-dependant file (DPC,SPQR)
)
("E:\Program Files\MiKTeX 2.9\tex\latex\xcolor\svgnam.def"
File: svgnam.def 2007/01/21 v2.11 Predefined colors according to SVG 1.1 (UK)
))
("E:\Program Files\MiKTeX 2.9\tex\latex\graphics\graphicx.sty"
Package: graphicx 1999/02/16 v1.0f Enhanced LaTeX Graphics (DPC,SPQR)

("E:\Program Files\MiKTeX 2.9\tex\latex\graphics\keyval.sty"
Package: keyval 1999/03/16 v1.13 key=value parser (DPC)
\KV@toks@=\toks16
)
("E:\Program Files\MiKTeX 2.9\tex\latex\graphics\graphics.sty"
Package: graphics 2009/02/05 v1.0o Standard LaTeX Graphics (DPC,SPQR)

("E:\Program Files\MiKTeX 2.9\tex\latex\graphics\trig.sty"
Package: trig 1999/03/16 v1.09 sin cos tan (DPC)
)
("E:\Program Files\MiKTeX 2.9\tex\latex\00miktex\graphics.cfg"
File: graphics.cfg 2007/01/18 v1.5 graphics configuration of teTeX/TeXLive
)
Package graphics Info: Driver file: xetex.def on input line 91.
)
\Gin@req@height=\dimen105
\Gin@req@width=\dimen106
)
("E:\Program Files\MiKTeX 2.9\tex\latex\caption\caption.sty"
Package: caption 2013/05/02 v3.3-89 Customizing captions (AR)

("E:\Program Files\MiKTeX 2.9\tex\latex\caption\caption3.sty"
Package: caption3 2013/05/02 v1.6-88 caption3 kernel (AR)
Package caption3 Info: TeX engine: e-TeX on input line 57.
\captionmargin=\dimen107
\captionmargin@=\dimen108
\captionwidth=\dimen109
\caption@tempdima=\dimen110
\caption@indent=\dimen111
\caption@parindent=\dimen112
\caption@hangindent=\dimen113
)
\c@ContinuedFloat=\count90
)
("E:\Program Files\MiKTeX 2.9\tex\latex\multirow\multirow.sty"
\bigstrutjot=\dimen114
)
("E:\Program Files\MiKTeX 2.9\tex\latex\amsmath\amsmath.sty"
Package: amsmath 2013/01/14 v2.14 AMS math features
\@mathmargin=\skip46

For additional information on amsmath, use the `?' option.
("E:\Program Files\MiKTeX 2.9\tex\latex\amsmath\amstext.sty"
Package: amstext 2000/06/29 v2.01

("E:\Program Files\MiKTeX 2.9\tex\latex\amsmath\amsgen.sty"
File: amsgen.sty 1999/11/30 v2.0
\@emptytoks=\toks17
\ex@=\dimen115
))
("E:\Program Files\MiKTeX 2.9\tex\latex\amsmath\amsbsy.sty"
Package: amsbsy 1999/11/29 v1.2d
\pmbraise@=\dimen116
)
("E:\Program Files\MiKTeX 2.9\tex\latex\amsmath\amsopn.sty"
Package: amsopn 1999/12/14 v2.01 operator names
)
\inf@bad=\count91
LaTeX Info: Redefining \frac on input line 210.
\uproot@=\count92
\leftroot@=\count93
LaTeX Info: Redefining \overline on input line 306.
\classnum@=\count94
\DOTSCASE@=\count95
LaTeX Info: Redefining \ldots on input line 378.
LaTeX Info: Redefining \dots on input line 381.
LaTeX Info: Redefining \cdots on input line 466.
\Mathstrutbox@=\box26
\strutbox@=\box27
\big@size=\dimen117
LaTeX Font Info:    Redeclaring font encoding OML on input line 566.
LaTeX Font Info:    Redeclaring font encoding OMS on input line 567.
\macc@depth=\count96
\c@MaxMatrixCols=\count97
\dotsspace@=\muskip10
\c@parentequation=\count98
\dspbrk@lvl=\count99
\tag@help=\toks18
\row@=\count100
\column@=\count101
\maxfields@=\count102
\andhelp@=\toks19
\eqnshift@=\dimen118
\alignsep@=\dimen119
\tagshift@=\dimen120
\tagwidth@=\dimen121
\totwidth@=\dimen122
\lineht@=\dimen123
\@envbody=\toks20
\multlinegap=\skip47
\multlinetaggap=\skip48
\mathdisplay@stack=\toks21
LaTeX Info: Redefining \[ on input line 2665.
LaTeX Info: Redefining \] on input line 2666.
)
("E:\Program Files\MiKTeX 2.9\tex\latex\amsfonts\amssymb.sty"
Package: amssymb 2013/01/14 v3.01 AMS font symbols

("E:\Program Files\MiKTeX 2.9\tex\latex\amsfonts\amsfonts.sty"
Package: amsfonts 2013/01/14 v3.01 Basic AMSFonts support
\symAMSa=\mathgroup4
\symAMSb=\mathgroup5
LaTeX Font Info:    Overwriting math alphabet `\mathfrak' in version `bold'
(Font)                  U/euf/m/n --> U/euf/b/n on input line 106.
))
("E:\Program Files\MiKTeX 2.9\tex\latex\amscls\amsthm.sty"
Package: amsthm 2004/08/06 v2.20
\thm@style=\toks22
\thm@bodyfont=\toks23
\thm@headfont=\toks24
\thm@notefont=\toks25
\thm@headpunct=\toks26
\thm@preskip=\skip49
\thm@postskip=\skip50
\thm@headsep=\skip51
\dth@everypar=\toks27
)
("E:\Program Files\MiKTeX 2.9\tex\latex\lm\lmodern.sty"
Package: lmodern 2009/10/30 v1.6 Latin Modern Fonts
LaTeX Font Info:    Overwriting symbol font `operators' in version `normal'
(Font)                  OT1/cmr/m/n --> OT1/lmr/m/n on input line 22.
LaTeX Font Info:    Overwriting symbol font `letters' in version `normal'
(Font)                  OML/cmm/m/it --> OML/lmm/m/it on input line 23.
LaTeX Font Info:    Overwriting symbol font `symbols' in version `normal'
(Font)                  OMS/cmsy/m/n --> OMS/lmsy/m/n on input line 24.
LaTeX Font Info:    Overwriting symbol font `largesymbols' in version `normal'
(Font)                  OMX/cmex/m/n --> OMX/lmex/m/n on input line 25.
LaTeX Font Info:    Overwriting symbol font `operators' in version `bold'
(Font)                  OT1/cmr/bx/n --> OT1/lmr/bx/n on input line 26.
LaTeX Font Info:    Overwriting symbol font `letters' in version `bold'
(Font)                  OML/cmm/b/it --> OML/lmm/b/it on input line 27.
LaTeX Font Info:    Overwriting symbol font `symbols' in version `bold'
(Font)                  OMS/cmsy/b/n --> OMS/lmsy/b/n on input line 28.
LaTeX Font Info:    Overwriting symbol font `largesymbols' in version `bold'
(Font)                  OMX/cmex/m/n --> OMX/lmex/m/n on input line 29.
LaTeX Font Info:    Overwriting math alphabet `\mathbf' in version `normal'
(Font)                  OT1/cmr/bx/n --> OT1/lmr/bx/n on input line 31.
LaTeX Font Info:    Overwriting math alphabet `\mathsf' in version `normal'
(Font)                  OT1/cmss/m/n --> OT1/lmss/m/n on input line 32.
LaTeX Font Info:    Overwriting math alphabet `\mathit' in version `normal'
(Font)                  OT1/cmr/m/it --> OT1/lmr/m/it on input line 33.
LaTeX Font Info:    Overwriting math alphabet `\mathtt' in version `normal'
(Font)                  OT1/cmtt/m/n --> OT1/lmtt/m/n on input line 34.
LaTeX Font Info:    Overwriting math alphabet `\mathbf' in version `bold'
(Font)                  OT1/cmr/bx/n --> OT1/lmr/bx/n on input line 35.
LaTeX Font Info:    Overwriting math alphabet `\mathsf' in version `bold'
(Font)                  OT1/cmss/bx/n --> OT1/lmss/bx/n on input line 36.
LaTeX Font Info:    Overwriting math alphabet `\mathit' in version `bold'
(Font)                  OT1/cmr/bx/it --> OT1/lmr/bx/it on input line 37.
LaTeX Font Info:    Overwriting math alphabet `\mathtt' in version `bold'
(Font)                  OT1/cmtt/m/n --> OT1/lmtt/m/n on input line 38.
)
("E:\Program Files\MiKTeX 2.9\tex\xelatex\mathspec\mathspec.sty"
Package: mathspec 2009/09/30 v0.2 LaTeX Package (Mathematics font selection for
 XeLaTeX)

("E:\Program Files\MiKTeX 2.9\tex\latex\etoolbox\etoolbox.sty"
Package: etoolbox 2011/01/03 v2.1 e-TeX tools for LaTeX

("E:\Program Files\MiKTeX 2.9\tex\latex\misc\etex.sty"
Package: etex 1998/03/26 v2.0 eTeX basic definition package (PEB)
\et@xins=\count103
)
\etb@tempcnta=\count104
)
("E:\Program Files\MiKTeX 2.9\tex\latex\fontspec\fontspec.sty"
Package: fontspec 2013/05/20 v2.3c Font selection for XeLaTeX and LuaLaTeX

("E:\Program Files\MiKTeX 2.9\tex\latex\l3kernel\expl3.sty"
("E:\Program Files\MiKTeX 2.9\tex\latex\l3kernel\l3names.sty"
("E:\Program Files\MiKTeX 2.9\tex\latex\l3kernel\l3bootstrap.sty"
Package: l3bootstrap 2014/01/04 v4640 L3 Experimental bootstrap code
)
Package: l3names 2014/01/04 v4640 L3 Namespace for primitives
)
Package: expl3 2014/01/07 v4646 L3 Experimental code bundle wrapper

("E:\Program Files\MiKTeX 2.9\tex\latex\l3kernel\l3basics.sty"
Package: l3basics 2014/01/04 v4642 L3 Basic definitions
)
("E:\Program Files\MiKTeX 2.9\tex\latex\l3kernel\l3expan.sty"
Package: l3expan 2014/01/04 v4642 L3 Argument expansion
)
("E:\Program Files\MiKTeX 2.9\tex\latex\l3kernel\l3tl.sty"
Package: l3tl 2013/12/27 v4625 L3 Token lists
)
("E:\Program Files\MiKTeX 2.9\tex\latex\l3kernel\l3seq.sty"
Package: l3seq 2013/12/14 v4623 L3 Sequences and stacks
)
("E:\Program Files\MiKTeX 2.9\tex\latex\l3kernel\l3int.sty"
Package: l3int 2013/08/02 v4583 L3 Integers
\c_max_int=\count105
\l_tmpa_int=\count106
\l_tmpb_int=\count107
\g_tmpa_int=\count108
\g_tmpb_int=\count109
)
("E:\Program Files\MiKTeX 2.9\tex\latex\l3kernel\l3quark.sty"
Package: l3quark 2013/12/14 v4623 L3 Quarks
)
("E:\Program Files\MiKTeX 2.9\tex\latex\l3kernel\l3prg.sty"
Package: l3prg 2014/01/04 v4642 L3 Control structures
\g__prg_map_int=\count110
)
("E:\Program Files\MiKTeX 2.9\tex\latex\l3kernel\l3clist.sty"
Package: l3clist 2013/07/28 v4581 L3 Comma separated lists
)
("E:\Program Files\MiKTeX 2.9\tex\latex\l3kernel\l3token.sty"
Package: l3token 2013/08/25 v4587 L3 Experimental token manipulation
)
("E:\Program Files\MiKTeX 2.9\tex\latex\l3kernel\l3prop.sty"
Package: l3prop 2013/12/14 v4623 L3 Property lists
)
("E:\Program Files\MiKTeX 2.9\tex\latex\l3kernel\l3msg.sty"
Package: l3msg 2013/07/28 v4581 L3 Messages
)
("E:\Program Files\MiKTeX 2.9\tex\latex\l3kernel\l3file.sty"
Package: l3file 2013/10/13 v4596 L3 File and I/O operations
\l_iow_line_count_int=\count111
\l__iow_target_count_int=\count112
\l__iow_current_line_int=\count113
\l__iow_current_word_int=\count114
\l__iow_current_indentation_int=\count115
)
("E:\Program Files\MiKTeX 2.9\tex\latex\l3kernel\l3skip.sty"
Package: l3skip 2013/07/28 v4581 L3 Dimensions and skips
\c_zero_dim=\dimen124
\c_max_dim=\dimen125
\l_tmpa_dim=\dimen126
\l_tmpb_dim=\dimen127
\g_tmpa_dim=\dimen128
\g_tmpb_dim=\dimen129
\c_zero_skip=\skip52
\c_max_skip=\skip53
\l_tmpa_skip=\skip54
\l_tmpb_skip=\skip55
\g_tmpa_skip=\skip56
\g_tmpb_skip=\skip57
\c_zero_muskip=\muskip11
\c_max_muskip=\muskip12
\l_tmpa_muskip=\muskip13
\l_tmpb_muskip=\muskip14
\g_tmpa_muskip=\muskip15
\g_tmpb_muskip=\muskip16
)
("E:\Program Files\MiKTeX 2.9\tex\latex\l3kernel\l3keys.sty"
Package: l3keys 2013/12/08 v4614 L3 Experimental key-value interfaces
\g__keyval_level_int=\count116
\l_keys_choice_int=\count117
)
("E:\Program Files\MiKTeX 2.9\tex\latex\l3kernel\l3fp.sty"
Package: l3fp 2014/01/04 v4642 L3 Floating points
\c__fp_leading_shift_int=\count118
\c__fp_middle_shift_int=\count119
\c__fp_trailing_shift_int=\count120
\c__fp_big_leading_shift_int=\count121
\c__fp_big_middle_shift_int=\count122
\c__fp_big_trailing_shift_int=\count123
\c__fp_Bigg_leading_shift_int=\count124
\c__fp_Bigg_middle_shift_int=\count125
\c__fp_Bigg_trailing_shift_int=\count126
)
("E:\Program Files\MiKTeX 2.9\tex\latex\l3kernel\l3box.sty"
Package: l3box 2013/07/28 v4581 L3 Experimental boxes
\c_empty_box=\box28
\l_tmpa_box=\box29
\l_tmpb_box=\box30
\g_tmpa_box=\box31
\g_tmpb_box=\box32
)
("E:\Program Files\MiKTeX 2.9\tex\latex\l3kernel\l3coffins.sty"
Package: l3coffins 2013/12/14 v4624 L3 Coffin code layer
\l__coffin_internal_box=\box33
\l__coffin_internal_dim=\dimen130
\l__coffin_offset_x_dim=\dimen131
\l__coffin_offset_y_dim=\dimen132
\l__coffin_x_dim=\dimen133
\l__coffin_y_dim=\dimen134
\l__coffin_x_prime_dim=\dimen135
\l__coffin_y_prime_dim=\dimen136
\c_empty_coffin=\box34
\l__coffin_aligned_coffin=\box35
\l__coffin_aligned_internal_coffin=\box36
\l_tmpa_coffin=\box37
\l_tmpb_coffin=\box38
\l__coffin_display_coffin=\box39
\l__coffin_display_coord_coffin=\box40
\l__coffin_display_pole_coffin=\box41
\l__coffin_display_offset_dim=\dimen137
\l__coffin_display_x_dim=\dimen138
\l__coffin_display_y_dim=\dimen139
)
("E:\Program Files\MiKTeX 2.9\tex\latex\l3kernel\l3color.sty"
Package: l3color 2012/08/29 v4156 L3 Experimental color support
)
("E:\Program Files\MiKTeX 2.9\tex\latex\l3kernel\l3luatex.sty"
Package: l3luatex 2013/07/28 v4581 L3 Experimental LuaTeX-specific functions
\g__cctab_allocate_int=\count127
\g__cctab_stack_int=\count128
)
("E:\Program Files\MiKTeX 2.9\tex\latex\l3kernel\l3candidates.sty"
Package: l3candidates 2014/01/06 v4643 L3 Experimental additions to l3kernel
\l__box_top_dim=\dimen140
\l__box_bottom_dim=\dimen141
\l__box_left_dim=\dimen142
\l__box_right_dim=\dimen143
\l__box_top_new_dim=\dimen144
\l__box_bottom_new_dim=\dimen145
\l__box_left_new_dim=\dimen146
\l__box_right_new_dim=\dimen147
\l__box_internal_box=\box42
\l__coffin_bounding_shift_dim=\dimen148
\l__coffin_left_corner_dim=\dimen149
\l__coffin_right_corner_dim=\dimen150
\l__coffin_bottom_corner_dim=\dimen151
\l__coffin_top_corner_dim=\dimen152
\l__coffin_scaled_total_height_dim=\dimen153
\l__coffin_scaled_width_dim=\dimen154
)
("E:\Program Files\MiKTeX 2.9\tex\generic\oberdiek\ifpdf.sty"
Package: ifpdf 2011/01/30 v2.3 Provides the ifpdf switch (HO)
Package ifpdf Info: pdfTeX in PDF mode is not detected.
))
("E:\Program Files\MiKTeX 2.9\tex\latex\l3packages\xparse\xparse.sty"
Package: xparse 2013/12/31 v4634 L3 Experimental document command parser
\l__xparse_current_arg_int=\count129
\l__xparse_m_args_int=\count130
\l__xparse_mandatory_args_int=\count131
\l__xparse_processor_int=\count132
\l__xparse_v_nesting_int=\count133
)
\l_fontspec_script_int=\count134
\l_fontspec_language_int=\count135
\l_fontspec_strnum_int=\count136
\l_fontspec_tmpa_dim=\dimen155
\l_fontspec_tmpb_dim=\dimen156
\l_fontspec_tmpc_dim=\dimen157
Variant \tl_gset:cV already defined; not changing it on line 69

("E:\Program Files\MiKTeX 2.9\tex\latex\fontspec\fontspec-patches.sty"
Package: fontspec-patches 2013/05/20 v2.3c Font selection for XeLaTeX and LuaLa
TeX

("E:\Program Files\MiKTeX 2.9\tex\latex\base\fixltx2e.sty"
Package: fixltx2e 2006/09/13 v1.1m fixes to LaTeX
LaTeX Info: Redefining \em on input line 420.
LaTeX Info: The control sequence `\[' is already robust on input line 471.
LaTeX Info: The control sequence `\]' is already robust on input line 472.
)
LaTeX Info: Redefining \em on input line 22.
LaTeX Info: Redefining \emph on input line 30.
LaTeX Info: Redefining \- on input line 33.

*************************************************
* LaTeX warning: "xparse/redefine-command"
* 
* Redefining document command \oldstylenums with arg. spec. 'm' on line 128.
*************************************************
.................................................
. LaTeX info: "xparse/define-command"
. 
. Defining document command \liningnums with arg. spec. 'm' on line 132.
.................................................
) ("E:\Program Files\MiKTeX 2.9\tex\latex\fontspec\fontspec-xetex.sty"
Package: fontspec-xetex 2013/05/20 v2.3c Font selection for XeLaTeX and LuaLaTe
X

("E:\Program Files\MiKTeX 2.9\tex\latex\base\fontenc.sty"
Package: fontenc 2005/09/27 v1.99g Standard LaTeX package

("E:\Program Files\MiKTeX 2.9\tex\latex\euenc\eu1enc.def"
File: eu1enc.def 2010/05/27 v0.1h Experimental Unicode font encodings
)
LaTeX Font Info:    Try loading font information for EU1+lmr on input line 100.


("E:\Program Files\MiKTeX 2.9\tex\latex\euenc\eu1lmr.fd"
File: eu1lmr.fd 2009/10/30 v1.6 Font defs for Latin Modern
)
Requested font "[lmroman10-regular]:mapping=tex-text" at 10.0pt
 -> E:/Program Files/MiKTeX 2.9/fonts/opentype/public/lm/lmroman10-regular.otf
)
("E:\Program Files\MiKTeX 2.9\tex\xelatex\xunicode\xunicode.sty"
File: xunicode.sty 2011/09/09 v0.981 provides access to latin accents and many 
other characters in Unicode lower plane

("E:\Program Files\MiKTeX 2.9\tex\latex\tipa\t3enc.def"
File: t3enc.def 2001/12/31 T3 encoding
Requested font "[lmromanslant10-regular]:mapping=tex-text" at 10.0pt
 -> E:/Program Files/MiKTeX 2.9/fonts/opentype/public/lm/lmromanslant10-regular
.otf
Requested font "[lmroman10-italic]:mapping=tex-text" at 10.0pt
 -> E:/Program Files/MiKTeX 2.9/fonts/opentype/public/lm/lmroman10-italic.otf
Requested font "[lmroman10-bold]:mapping=tex-text" at 10.0pt
 -> E:/Program Files/MiKTeX 2.9/fonts/opentype/public/lm/lmroman10-bold.otf
LaTeX Font Info:    Try loading font information for EU1+lmss on input line 357
.

("E:\Program Files\MiKTeX 2.9\tex\latex\euenc\eu1lmss.fd"
File: eu1lmss.fd 2009/10/30 v1.6 Font defs for Latin Modern
)
Requested font "[lmsans10-regular]:mapping=tex-text" at 10.0pt
 -> E:/Program Files/MiKTeX 2.9/fonts/opentype/public/lm/lmsans10-regular.otf
)
\tipaTiiicode=\count137
\tipasavetokens=\toks28
\tipachecktokens=\toks29
)
.................................................
. LaTeX info: "xparse/define-command"
. 
. Defining document command \fontspec with arg. spec. 'O{}m' on line 41.
.................................................
.................................................
. LaTeX info: "xparse/define-command"
. 
. Defining document command \setmainfont with arg. spec. 'O{}m' on line 46.
.................................................
.................................................
. LaTeX info: "xparse/define-command"
. 
. Defining document command \setsansfont with arg. spec. 'O{}m' on line 51.
.................................................
.................................................
. LaTeX info: "xparse/define-command"
. 
. Defining document command \setmonofont with arg. spec. 'O{}m' on line 56.
.................................................
.................................................
. LaTeX info: "xparse/define-command"
. 
. Defining document command \setmathrm with arg. spec. 'O{}m' on line 65.
.................................................
.................................................
. LaTeX info: "xparse/define-command"
. 
. Defining document command \setboldmathrm with arg. spec. 'O{}m' on line 69.
.................................................
.................................................
. LaTeX info: "xparse/define-command"
. 
. Defining document command \setmathsf with arg. spec. 'O{}m' on line 73.
.................................................
.................................................
. LaTeX info: "xparse/define-command"
. 
. Defining document command \setmathtt with arg. spec. 'O{}m' on line 77.
.................................................
.................................................
. LaTeX info: "xparse/define-command"
. 
. Defining document command \newfontfamily with arg. spec. 'mO{}m' on line 96.
.................................................
.................................................
. LaTeX info: "xparse/define-command"
. 
. Defining document command \newfontface with arg. spec. 'mO{}m' on line 100.
.................................................
.................................................
. LaTeX info: "xparse/define-command"
. 
. Defining document command \defaultfontfeatures with arg. spec. 'om' on line
. 108.
.................................................
.................................................
. LaTeX info: "xparse/define-command"
. 
. Defining document command \addfontfeatures with arg. spec. 'm' on line 144.
.................................................
.................................................
. LaTeX info: "xparse/define-command"
. 
. Defining document command \newfontfeature with arg. spec. 'mm' on line 156.
.................................................
.................................................
. LaTeX info: "xparse/define-command"
. 
. Defining document command \newAATfeature with arg. spec. 'mmmm' on line 164.
.................................................
.................................................
. LaTeX info: "xparse/define-command"
. 
. Defining document command \newICUfeature with arg. spec. 'mmm' on line 172.
.................................................
.................................................
. LaTeX info: "xparse/define-command"
. 
. Defining document command \aliasfontfeature with arg. spec. 'mm' on line
. 201.
.................................................
.................................................
. LaTeX info: "xparse/define-command"
. 
. Defining document command \aliasfontfeatureoption with arg. spec. 'mmm' on
. line 203.
.................................................
.................................................
. LaTeX info: "xparse/define-command"
. 
. Defining document command \newfontscript with arg. spec. 'mm' on line 208.
.................................................
.................................................
. LaTeX info: "xparse/define-command"
. 
. Defining document command \newfontlanguage with arg. spec. 'mm' on line 235.
.................................................
.................................................
. LaTeX info: "xparse/define-command"
. 
. Defining document command \DeclareFontsExtensions with arg. spec. 'm' on
. line 256.
.................................................
Variant \prop_gput:cnV already defined; not changing it on line 582
Variant \prop_gput:cnx already defined; not changing it on line 583
\l_fontspec_tmp_int=\count138
LaTeX Info: Redefining \itshape on input line 2087.
LaTeX Info: Redefining \slshape on input line 2092.
LaTeX Info: Redefining \scshape on input line 2097.
LaTeX Info: Redefining \upshape on input line 2102.

("E:\Program Files\MiKTeX 2.9\tex\latex\fontspec\fontspec.cfg")))
("E:\Program Files\MiKTeX 2.9\tex\latex\xkeyval\xkeyval.sty"
Package: xkeyval 2012/10/14 v2.6b package option processing (HA)

("E:\Program Files\MiKTeX 2.9\tex\generic\xkeyval\xkeyval.tex"
\XKV@toks=\toks30
\XKV@tempa@toks=\toks31
\XKV@depth=\count139
File: xkeyval.tex 2012/10/14 v2.6b key=value parser (HA)
))
\c@eu@=\count140
\c@eu@i=\count141
\c@mkern=\count142
)
("E:\Program Files\MiKTeX 2.9\tex\latex\tools\bm.sty"
Package: bm 2004/02/26 v1.1c Bold Symbol Support (DPC/FMi)
\symboldoperators=\mathgroup6
\symboldletters=\mathgroup7
\symboldsymbols=\mathgroup8
LaTeX Font Info:    Redeclaring math alphabet \mathbf on input line 138.
LaTeX Info: Redefining \bm on input line 204.
)
("E:\Program Files\MiKTeX 2.9\tex\latex\oberdiek\epstopdf.sty"
Package: epstopdf 2010/02/09 v2.5 Conversion with epstopdf on the fly (HO)

("E:\Program Files\MiKTeX 2.9\tex\latex\oberdiek\epstopdf-base.sty"
Package: epstopdf-base 2010/02/09 v2.5 Base part for package epstopdf

("E:\Program Files\MiKTeX 2.9\tex\generic\oberdiek\infwarerr.sty"
Package: infwarerr 2010/04/08 v1.3 Providing info/warning/error messages (HO)
)
("E:\Program Files\MiKTeX 2.9\tex\latex\oberdiek\grfext.sty"
Package: grfext 2010/08/19 v1.1 Manage graphics extensions (HO)

("E:\Program Files\MiKTeX 2.9\tex\generic\oberdiek\kvdefinekeys.sty"
Package: kvdefinekeys 2011/04/07 v1.3 Define keys (HO)

("E:\Program Files\MiKTeX 2.9\tex\generic\oberdiek\ltxcmds.sty"
Package: ltxcmds 2011/11/09 v1.22 LaTeX kernel commands for general use (HO)
)))
("E:\Program Files\MiKTeX 2.9\tex\latex\oberdiek\kvoptions.sty"
Package: kvoptions 2011/06/30 v3.11 Key value format for package options (HO)

("E:\Program Files\MiKTeX 2.9\tex\generic\oberdiek\kvsetkeys.sty"
Package: kvsetkeys 2012/04/25 v1.16 Key value parser (HO)

("E:\Program Files\MiKTeX 2.9\tex\generic\oberdiek\etexcmds.sty"
Package: etexcmds 2011/02/16 v1.5 Avoid name clashes with e-TeX commands (HO)

("E:\Program Files\MiKTeX 2.9\tex\generic\oberdiek\ifluatex.sty"
Package: ifluatex 2010/03/01 v1.3 Provides the ifluatex switch (HO)
Package ifluatex Info: LuaTeX not detected.
)
Package etexcmds Info: Could not find \expanded.
(etexcmds)             That can mean that you are not using pdfTeX 1.50 or
(etexcmds)             that some package has redefined \expanded.
(etexcmds)             In the latter case, load this package earlier.
)))
("E:\Program Files\MiKTeX 2.9\tex\generic\oberdiek\pdftexcmds.sty"
Package: pdftexcmds 2011/11/29 v0.20 Utility functions of pdfTeX for LuaTeX (HO
)
Package pdftexcmds Info: LuaTeX not detected.
Package pdftexcmds Info: pdfTeX >= 1.30 not detected.
Package pdftexcmds Info: \pdf@primitive is available.
Package pdftexcmds Info: \pdf@ifprimitive is available.
Package pdftexcmds Info: \pdfdraftmode not found.
)

Package epstopdf Warning: Drivers other than `pdftex.def' are not supported.

)) ("E:\Program Files\MiKTeX 2.9\tex\latex\bbm\bbm.sty"
Package: bbm 1999/03/15 V 1.2 provides fonts for set symbols - TH
LaTeX Font Info:    Overwriting math alphabet `\mathbbm' in version `bold'
(Font)                  U/bbm/m/n --> U/bbm/bx/n on input line 33.
LaTeX Font Info:    Overwriting math alphabet `\mathbbmss' in version `bold'
(Font)                  U/bbmss/m/n --> U/bbmss/bx/n on input line 35.
)
("E:\Program Files\MiKTeX 2.9\tex\latex\tools\longtable.sty"
Package: longtable 2004/02/01 v4.11 Multi-page Table package (DPC)
\LTleft=\skip58
\LTright=\skip59
\LTpre=\skip60
\LTpost=\skip61
\LTchunksize=\count143
\LTcapwidth=\dimen158
\LT@head=\box43
\LT@firsthead=\box44
\LT@foot=\box45
\LT@lastfoot=\box46
\LT@cols=\count144
\LT@rows=\count145
\c@LT@tables=\count146
\c@LT@chunks=\count147
\LT@p@ftn=\toks32
)
("E:\Program Files\MiKTeX 2.9\tex\xelatex\xecjk\xeCJK.sty"
Package: xeCJK 2013/12/08 v3.2.9 Typesetting CJK scripts with XeLaTeX

("E:\Program Files\MiKTeX 2.9\tex\latex\l3packages\xtemplate\xtemplate.sty"
Package: xtemplate 2013/12/31 v4634 L3 Experimental prototype document function
s
\l__xtemplate_tmp_dim=\dimen159
\l__xtemplate_tmp_int=\count148
\l__xtemplate_tmp_muskip=\muskip17
\l__xtemplate_tmp_skip=\skip62
Variant \prop_get:NoNTF already defined; not changing it on line 106
Variant \prop_get:NoNT already defined; not changing it on line 107
Variant \prop_get:NoNF already defined; not changing it on line 108
)
("E:\Program Files\MiKTeX 2.9\tex\latex\l3packages\l3keys2e\l3keys2e.sty"
Package: l3keys2e 2013/12/31 v4634 LaTeX2e option processing using LaTeX3 keys
)
("E:\Program Files\MiKTeX 2.9\tex\latex\everypage\everypage.sty"
Package: everypage 2007/06/20 1.1 Hooks to run on every page
)
\l__xeCJK_tmp_int=\count149
\l__xeCJK_tmp_box=\box47
\l__xeCJK_tmp_dim=\dimen160
\l__xeCJK_tmp_skip=\skip63
.................................................
. LaTeX info: "xparse/define-command"
. 
. Defining document command \xeCJKShipoutHook with arg. spec. '' on line 145.
.................................................
\g__xeCJK_spacefactor_int=\count150
\l__xeCJK_begin_int=\count151
\l__xeCJK_end_int=\count152
.................................................
. LaTeX info: "xparse/define-command"
. 
. Defining document command \makexeCJKactive with arg. spec. '' on line 363.
.................................................
.................................................
. LaTeX info: "xparse/define-command"
. 
. Defining document command \makexeCJKinactive with arg. spec. '' on line 364.
.................................................
\c__xeCJK_HalfLeft_class_int=\XeTeXintercharclass4
\c__xeCJK_HalfRight_class_int=\XeTeXintercharclass5
\c__xeCJK_NormalSpace_class_int=\XeTeXintercharclass6
\c__xeCJK_IVS_class_int=\XeTeXintercharclass7
.................................................
. LaTeX info: "xparse/define-command"
. 
. Defining document command \xeCJKDeclareCharClass with arg. spec.
. 's>{\TrimSpaces }mm' on line 518.
.................................................
.................................................
. LaTeX info: "xparse/define-command"
. 
. Defining document command \__xeCJK_set_char_class_aux:Nnw with arg. spec.
. 'm>{\SplitArgument {1}{->}}m' on line 535.
.................................................
.................................................
. LaTeX info: "xparse/define-command"
. 
. Defining document command \normalspacedchars with arg. spec. 'm' on line
. 577.
.................................................
.................................................
. LaTeX info: "xparse/define-command"
. 
. Defining document command \xeCJKResetPunctClass with arg. spec. '' on line
. 584.
.................................................
.................................................
. LaTeX info: "xparse/define-command"
. 
. Defining document command \xeCJKResetCharClass with arg. spec. '' on line
. 591.
.................................................
\c__xeCJK_CJK_node_dim=\dimen161
\c__xeCJK_CJK-space_node_dim=\dimen162
\c__xeCJK_default_node_dim=\dimen163
\c__xeCJK_default-space_node_dim=\dimen164
\c__xeCJK_CJK-nobreak_node_dim=\dimen165
\c__xeCJK_normalspace_node_dim=\dimen166
\l__xeCJK_ccglue_skip=\skip64
\l__xeCJK_ecglue_skip=\skip65
.................................................
. LaTeX info: "xparse/define-command"
. 
. Defining document command \xeCJKnobreak with arg. spec. '' on line 1306.
.................................................
.................................................
. LaTeX info: "xparse/define-command"
. 
. Defining document command \xeCJKDeclareSubCJKBlock with arg. spec.
. 's>{\TrimSpaces }m>{\TrimSpaces }m' on line 1495.
.................................................
.................................................
. LaTeX info: "xparse/define-command"
. 
. Defining document command \xeCJKCancelSubCJKBlock with arg. spec. 'sm' on
. line 1506.
.................................................
.................................................
. LaTeX info: "xparse/define-command"
. 
. Defining document command \xeCJKRestoreSubCJKBlock with arg. spec. 'sm' on
. line 1515.
.................................................
.................................................
. LaTeX info: "xparse/define-command"
. 
. Defining document command \xeCJKsetwidth with arg. spec. 'smm' on line 1613.
.................................................
.................................................
. LaTeX info: "xparse/define-command"
. 
. Defining document command \xeCJKsetkern with arg. spec. 'mmm' on line 1617.
.................................................
.................................................
. xtemplate info: "declare-object-type"
. 
. Declaring object type 'xeCJK/punctuation' taking \c_zero  argument(s) on
. line 1712.
.................................................
\l__xeCJK_fixed_punct_width_dim=\dimen167
\l__xeCJK_mixed_punct_width_dim=\dimen168
\l__xeCJK_middle_punct_width_dim=\dimen169
\l__xeCJK_fixed_margin_width_dim=\dimen170
\l__xeCJK_mixed_margin_width_dim=\dimen171
\l__xeCJK_middle_margin_width_dim=\dimen172
\l__xeCJK_bound_punct_width_dim=\dimen173
\l__xeCJK_bound_margin_width_dim=\dimen174
\l__xeCJK_margin_minimum_dim=\dimen175
\l__xeCJK_kerning_total_width_dim=\dimen176
\l__xeCJK_same_align_margin_dim=\dimen177
\l__xeCJK_different_align_margin_dim=\dimen178
\l__xeCJK_kerning_margin_width_dim=\dimen179
\l__xeCJK_kerning_margin_minimum_dim=\dimen180
\l__xeCJK_bound_dim=\dimen181
\l__xeCJK_reverse_bound_dim=\dimen182
.................................................
. LaTeX info: "xparse/define-command"
. 
. Defining document command \xeCJKDeclarePunctStyle with arg. spec.
. '>{\TrimSpaces }mm' on line 2197.
.................................................
.................................................
. LaTeX info: "xparse/define-command"
. 
. Defining document command \xeCJKEditPunctStyle with arg. spec.
. '>{\TrimSpaces }mm' on line 2210.
.................................................
.................................................
. LaTeX info: "xparse/define-command"
. 
. Defining document command \setCJKfallbackfamilyfont with arg. spec. 'mO{}m'
. on line 2297.
.................................................
\g__xeCJK_family_int=\count153
.................................................
. LaTeX info: "xparse/define-command"
. 
. Defining document command \CJKfamily with arg. spec. 't+t-m' on line 2724.
.................................................
.................................................
. LaTeX info: "xparse/define-command"
. 
. Defining document command \__xeCJK_gobble_CJKfamily:wn with arg. spec.
. 't+t-m' on line 2737.
.................................................
.................................................
. LaTeX info: "xparse/define-command"
. 
. Defining document command \setCJKmainfont with arg. spec. 'O{}m' on line
. 2787.
.................................................
.................................................
. LaTeX info: "xparse/define-command"
. 
. Defining document command \setCJKsansfont with arg. spec. 'O{}m' on line
. 2793.
.................................................
.................................................
. LaTeX info: "xparse/define-command"
. 
. Defining document command \setCJKmonofont with arg. spec. 'O{}m' on line
. 2798.
.................................................
.................................................
. LaTeX info: "xparse/define-command"
. 
. Defining document command \setCJKfamilyfont with arg. spec. 'mO{}m' on line
. 2805.
.................................................
.................................................
. LaTeX info: "xparse/define-command"
. 
. Defining document command \newCJKfontfamily with arg. spec. 'omO{}m' on line
. 2811.
.................................................
.................................................
. LaTeX info: "xparse/define-command"
. 
. Defining document command \CJKfontspec with arg. spec. 'O{}m' on line 2816.
.................................................
.................................................
. LaTeX info: "xparse/define-command"
. 
. Defining document command \defaultCJKfontfeatures with arg. spec. 'm' on
. line 2839.
.................................................
.................................................
. LaTeX info: "xparse/define-command"
. 
. Defining document command \addCJKfontfeatures with arg. spec. 'sO{}m' on
. line 2845.
.................................................
.................................................
. LaTeX info: "xparse/define-command"
. 
. Defining document command \setCJKmathfont with arg. spec. 'O{}m' on line
. 2987.
.................................................
\l__xeCJK_verb_case_int=\count154
.................................................
. LaTeX info: "xparse/define-command"
. 
. Defining document command \xeCJKVerbAddon with arg. spec. '' on line 3142.
.................................................
.................................................
. LaTeX info: "xparse/define-command"
. 
. Defining document command \xeCJKOffVerbAddon with arg. spec. '' on line
. 3146.
.................................................
\l__xeCJK_verb_exspace_skip=\skip66

("E:\Program Files\MiKTeX 2.9\tex\xelatex\xecjk\xunicode-addon.sty"
Package: xunicode-addon 2013/12/08 v3.2.9 addon file for xunicode

*************************************************
* LaTeX warning: "xparse/redefine-command"
* 
* Redefining document command \ReloadXunicode with arg. spec. 'm' on line 89.
*************************************************
*************************************************
* LaTeX warning: "xparse/redefine-command"
* 
* Redefining document command \DeclareUTFmathsymbols with arg. spec. 'm' on
* line 124.
*************************************************
*************************************************
* LaTeX warning: "xparse/redefine-command"
* 
* Redefining document command \UseMathAsText with arg. spec. '' on line 133.
*************************************************
*************************************************
* LaTeX warning: "xparse/redefine-command"
* 
* Redefining document command \UndeclareUTFcharacter with arg. spec.
* 'O{\UTFencname }mm' on line 168.
*************************************************
*************************************************
* LaTeX warning: "xparse/redefine-command"
* 
* Redefining document command \UndeclareUTFcomposite with arg. spec.
* 'O{\UTFencname }mmm' on line 175.
*************************************************
*************************************************
* LaTeX warning: "xparse/redefine-command"
* 
* Redefining document command \DeclareUTFcharacter with arg. spec.
* 'O{\UTFencname }mm' on line 202.
*************************************************
.................................................
. LaTeX info: "xparse/define-command"
. 
. Defining document command \DeclareUTFSymbol with arg. spec. 'mO{\UTFencname
. }m' on line 228.
.................................................
.................................................
. LaTeX info: "xparse/define-command"
. 
. Defining document command \DeclareUTFCommand with arg. spec. 'mO{\UTFencname
. }m' on line 230.
.................................................
*************************************************
* LaTeX warning: "xparse/redefine-command"
* 
* Redefining document command \DeclareUTFcomposite with arg. spec.
* 'O{\UTFencname }mmm' on line 273.
*************************************************
.................................................
. LaTeX info: "xparse/define-command"
. 
. Defining document command \DeclareUTFCompositeCommand with arg. spec.
. 'mO{\UTFencname }mm' on line 286.
.................................................
.................................................
. LaTeX info: "xparse/define-command"
. 
. Defining document command \DeclareUTFCompositeSymbol with arg. spec.
. 'mO{\UTFencname }mm' on line 291.
.................................................
.................................................
. LaTeX info: "xparse/define-command"
. 
. Defining document command \DeclareUTFComposite with arg. spec.
. 'mO{\UTFencname }' on line 293.
.................................................
.................................................
. LaTeX info: "xparse/define-command"
. 
. Defining document command \DeclareUTFEncodedAccent with arg. spec.
. 'mO{\UTFencname }mm' on line 295.
.................................................
.................................................
. LaTeX info: "xparse/define-command"
. 
. Defining document command \DeclareUTFEncodedAccents with arg. spec.
. 'mO{\UTFencname }mm' on line 297.
.................................................
.................................................
. LaTeX info: "xparse/define-command"
. 
. Defining document command \DeclareUTFEncodedSymbol with arg. spec.
. 'mO{\UTFencname }mm' on line 299.
.................................................
.................................................
. LaTeX info: "xparse/define-command"
. 
. Defining document command \DeclareUTFEncodedCircle with arg. spec.
. 'mO{\UTFencname }mm' on line 301.
.................................................
*************************************************
* LaTeX warning: "xparse/redefine-command"
* 
* Redefining document command \DeclareEncodedCompositeCharacter with arg.
* spec. 'mmmm' on line 303.
*************************************************
*************************************************
* LaTeX warning: "xparse/redefine-command"
* 
* Redefining document command \DeclareEncodedCompositeAccents with arg. spec.
* 'mmmm' on line 305.
*************************************************
\l__xunadd_circle_width_dim=\dimen183
\l__xunadd_tmp_coffin=\box48
\l__xunadd_circle_coffin=\box49
.................................................
. LaTeX info: "xparse/define-command"
. 
. Defining document command \settextcircledratio with arg. spec. 'm' on line
. 455.
.................................................
.................................................
. LaTeX info: "xparse/define-command"
. 
. Defining document command \AtBeginUTFCommand with arg. spec. 'sO{}+m' on
. line 467.
.................................................
.................................................
. LaTeX info: "xparse/define-command"
. 
. Defining document command \AtEndUTFCommand with arg. spec. 'sO{}+m' on line
. 477.
.................................................
)
\g__file_internal_ior=\read1
 ("E:\Program Files\MiKTeX 2.9\tex\xelatex\xunicode\xunicode.sty"
File: xunicode.sty 2011/09/09 v0.981 provides access to latin accents and many 
other characters in Unicode lower plane

*** Reloading Xunicode for encoding 'EU1' ***
) ("E:\Program Files\MiKTeX 2.9\tex\xelatex\xecjk\xunicode-extra.def"
File: xeCJK.def 2013/12/08 v3.2.9 extra definition for xunicode
)
("E:\Program Files\MiKTeX 2.9\tex\latex\tools\indentfirst.sty"
Package: indentfirst 1995/11/23 v1.03 Indent first paragraph (DPC)
)
.................................................
. LaTeX info: "xparse/define-command"
. 
. Defining document command \xeCJKsetup with arg. spec. '+m' on line 3438.
.................................................
.................................................
. LaTeX info: "xparse/define-command"
. 
. Defining document command \xeCJKsetemboldenfactor with arg. spec. 'm' on
. line 3440.
.................................................
.................................................
. LaTeX info: "xparse/define-command"
. 
. Defining document command \xeCJKsetslantfactor with arg. spec. 'm' on line
. 3442.
.................................................
.................................................
. LaTeX info: "xparse/define-command"
. 
. Defining document command \punctstyle with arg. spec. 'm' on line 3443.
.................................................
.................................................
. LaTeX info: "xparse/define-command"
. 
. Defining document command \xeCJKplainchr with arg. spec. '' on line 3444.
.................................................
.................................................
. LaTeX info: "xparse/define-command"
. 
. Defining document command \CJKsetecglue with arg. spec. 'm' on line 3445.
.................................................
.................................................
. LaTeX info: "xparse/define-command"
. 
. Defining document command \CJKspace with arg. spec. '' on line 3447.
.................................................
.................................................
. LaTeX info: "xparse/define-command"
. 
. Defining document command \CJKnospace with arg. spec. '' on line 3448.
.................................................
.................................................
. LaTeX info: "xparse/define-command"
. 
. Defining document command \xeCJKallowbreakbetweenpuncts with arg. spec. ''
. on line 3450.
.................................................
.................................................
. LaTeX info: "xparse/define-command"
. 
. Defining document command \xeCJKnobreakbetweenpuncts with arg. spec. '' on
. line 3452.
.................................................
.................................................
. LaTeX info: "xparse/define-command"
. 
. Defining document command \xeCJKenablefallback with arg. spec. '' on line
. 3454.
.................................................
.................................................
. LaTeX info: "xparse/define-command"
. 
. Defining document command \xeCJKdisablefallback with arg. spec. '' on line
. 3456.
.................................................
.................................................
. LaTeX info: "xparse/define-command"
. 
. Defining document command \xeCJKsetcharclass with arg. spec. 'mmm' on line
. 3461.
.................................................

*************************************************
* LaTeX warning: "xparse/redefine-command"
* 
* Redefining document command \nobreakspace with arg. spec. '' on line 3544.
*************************************************
*************************************************
* LaTeX warning: "xparse/redefine-command"
* 
* Redefining document command \fontfamily with arg. spec. 'm' on line 3590.
*************************************************
.................................................
. LaTeX info: "xparse/define-command"
. 
. Defining document command \xeCJKcaption with arg. spec. 'om' on line 3780.
.................................................
("E:\Program Files\MiKTeX 2.9\tex\xelatex\xecjk\config\xeCJK.cfg"
File: xeCJK.cfg 2013/12/08 v3.2.9 Configuration file for xeCJK package
))
("E:\Program Files\MiKTeX 2.9\tex\latex\ifplatform\ifplatform.sty"
Package: ifplatform 2010/10/22 v0.4 Testing for the operating system

("E:\Program Files\MiKTeX 2.9\tex\generic\oberdiek\catchfile.sty"
Package: catchfile 2011/03/01 v1.6 Catch the contents of a file (HO)
)

Package ifplatform Warning: 
    shell escape is disabled, so I can only detect \ifwindows.

) ("E:\Program Files\MiKTeX 2.9\tex\latex\ms\ragged2e.sty"
Package: ragged2e 2009/05/21 v2.1 ragged2e Package (MS)

("E:\Program Files\MiKTeX 2.9\tex\latex\ms\everysel.sty"
Package: everysel 2011/10/28 v1.2 EverySelectfont Package (MS)
)
\CenteringLeftskip=\skip67
\RaggedLeftLeftskip=\skip68
\RaggedRightLeftskip=\skip69
\CenteringRightskip=\skip70
\RaggedLeftRightskip=\skip71
\RaggedRightRightskip=\skip72
\CenteringParfillskip=\skip73
\RaggedLeftParfillskip=\skip74
\RaggedRightParfillskip=\skip75
\JustifyingParfillskip=\skip76
\CenteringParindent=\skip77
\RaggedLeftParindent=\skip78
\RaggedRightParindent=\skip79
\JustifyingParindent=\skip80
)
Requested font "Times New Roman" at 10.0pt
 -> C:/WINDOWS/Fonts/times.ttf
Requested font "Times New Roman/ICU" at 10.0pt
 -> C:/WINDOWS/Fonts/times.ttf
\g_fontspec_family_Times New Roman_int=\count155
Requested font "Times New Roman/ICU" at 10.0pt
 -> C:/WINDOWS/Fonts/times.ttf
Requested font "Times New Roman/ICU" at 10.0pt
 -> C:/WINDOWS/Fonts/times.ttf
Requested font "Times New Roman/B/ICU" at 10.0pt
 -> C:/WINDOWS/Fonts/timesbd.ttf
Requested font "Times New Roman/B/ICU" at 10.0pt
 -> C:/WINDOWS/Fonts/timesbd.ttf
Requested font "Times New Roman/ICU" at 10.0pt
 -> C:/WINDOWS/Fonts/times.ttf
Requested font "Times New Roman/I/ICU" at 10.0pt
 -> C:/WINDOWS/Fonts/timesi.ttf
Requested font "Times New Roman/I/ICU" at 10.0pt
 -> C:/WINDOWS/Fonts/timesi.ttf
Requested font "Times New Roman/ICU" at 10.0pt
 -> C:/WINDOWS/Fonts/times.ttf
Requested font "Times New Roman/BI/ICU" at 10.0pt
 -> C:/WINDOWS/Fonts/timesbi.ttf
Requested font "Times New Roman/BI/ICU" at 10.0pt
 -> C:/WINDOWS/Fonts/timesbi.ttf
.................................................
. fontspec info: "defining-font"
. 
. Font family 'TimesNewRoman(0)' created for font 'Times New Roman' with
. options [].
. 
. This font family consists of the following shapes:
. 
. * 'normal' with NFSS spec.:
. <->"Times New Roman/ICU:script=latn;language=DFLT;"
. 
. * 'small caps' with NFSS spec.:
. <->"Times New Roman/ICU:script=latn;language=DFLT;+smcp;"
. 
. * 'bold' with NFSS spec.:
. <->"Times New Roman/B/ICU:script=latn;language=DFLT;"
. 
. * 'bold small caps' with NFSS spec.:
. <->"Times New Roman/B/ICU:script=latn;language=DFLT;+smcp;"
. 
. * 'italic' with NFSS spec.:
. <->"Times New Roman/I/ICU:script=latn;language=DFLT;"
. 
. * 'italic small caps' with NFSS spec.:
. <->"Times New Roman/I/ICU:script=latn;language=DFLT;+smcp;"
. 
. * 'bold italic' with NFSS spec.:
. <->"Times New Roman/BI/ICU:script=latn;language=DFLT;"
. 
. * 'bold italic small caps' with NFSS spec.:
. <->"Times New Roman/BI/ICU:script=latn;language=DFLT;+smcp;"
.................................................
Requested font "Times New Roman/ICU:script=latn;language=DFLT;" at 10.0pt
 -> C:/WINDOWS/Fonts/times.ttf
Requested font "Times New Roman/ICU" at 10.0pt
 -> C:/WINDOWS/Fonts/times.ttf
.................................................
. fontspec info: "defining-font"
. 
. Font family 'TimesNewRoman(0)' created for font 'Times New Roman' with
. options [].
. 
. This font family consists of the following shapes:
.................................................
\symDigits:m:n=\mathgroup9
Requested font "Times New Roman/ICU" at 10.0pt
 -> C:/WINDOWS/Fonts/times.ttf
.................................................
. fontspec info: "defining-font"
. 
. Font family 'TimesNewRoman(0)' created for font 'Times New Roman' with
. options [].
. 
. This font family consists of the following shapes:
.................................................
\symLatin:m:n=\mathgroup10
\symLatin:m:it=\mathgroup11
Requested font "Times New Roman/ICU" at 10.0pt
 -> C:/WINDOWS/Fonts/times.ttf
.................................................
. fontspec info: "defining-font"
. 
. Font family 'TimesNewRoman(0)' created for font 'Times New Roman' with
. options [].
. 
. This font family consists of the following shapes:
.................................................
\symGreek:m:n=\mathgroup12
\symGreek:m:it=\mathgroup13
Requested font "Times New Roman/ICU" at 10.0pt
 -> C:/WINDOWS/Fonts/times.ttf
.................................................
. fontspec info: "defining-font"
. 
. Font family 'TimesNewRoman(0)' created for font 'Times New Roman' with
. options [].
. 
. This font family consists of the following shapes:
.................................................
LaTeX Font Info:    Redeclaring math alphabet \mathrm on input line 74.
LaTeX Font Info:    Overwriting math alphabet `\mathrm' in version `bold'
(Font)                  EU1/TimesNewRoman(0)/m/n --> EU1/TimesNewRoman(0)/bx/n 
on input line 74.
LaTeX Font Info:    Redeclaring math alphabet \mathit on input line 74.
LaTeX Font Info:    Overwriting math alphabet `\mathit' in version `normal'
(Font)                  OT1/lmr/m/it --> EU1/TimesNewRoman(0)/m/it on input lin
e 74.
LaTeX Font Info:    Overwriting math alphabet `\mathit' in version `bold'
(Font)                  OT1/lmr/bx/it --> EU1/TimesNewRoman(0)/m/it on input li
ne 74.
LaTeX Font Info:    Redeclaring math alphabet \mathbf on input line 74.
LaTeX Font Info:    Overwriting math alphabet `\mathit' in version `bold'
(Font)                  EU1/TimesNewRoman(0)/m/it --> EU1/TimesNewRoman(0)/bx/i
t on input line 74.
\symOperators:m:n=\mathgroup14
Requested font "SimSun/ICU" at 10.0pt
 -> C:/WINDOWS/Fonts/simsun.ttc
Requested font "SimSun/ICU" at 10.0pt
 -> C:/WINDOWS/Fonts/simsun.ttc
\g_fontspec_family_SimSun_int=\count156
Requested font "SimSun/ICU" at 10.0pt
 -> C:/WINDOWS/Fonts/simsun.ttc
Requested font "SimSun/ICU" at 10.0pt
 -> C:/WINDOWS/Fonts/simsun.ttc
Requested font "SimSun/ICU" at 10.0pt
 -> C:/WINDOWS/Fonts/simsun.ttc
Requested font "SimSun/I/ICU" at 10.0pt
 -> C:/WINDOWS/Fonts/simsun.ttc
.................................................
. fontspec info: "no-font-shape"
. 
. Could not resolve font SimSun/I (it probably doesn't exist).
.................................................
Requested font "SimSun/ICU" at 10.0pt
 -> C:/WINDOWS/Fonts/simsun.ttc
Requested font "SimSun/I/ICU" at 10.0pt
 -> C:/WINDOWS/Fonts/simsun.ttc
.................................................
. fontspec info: "no-font-shape"
. 
. Could not resolve font SimSun/I (it probably doesn't exist).
.................................................
.................................................
. fontspec info: "defining-font"
. 
. Font family 'SimSun(0)' created for font 'SimSun' with options
. [Script={CJK},AutoFakeBold={4}].
. 
. This font family consists of the following shapes:
. 
. * 'normal' with NFSS spec.:
. <->"SimSun/ICU:script=hani;language=DFLT;"
. 
. * 'bold' with NFSS spec.:
. <->"SimSun/ICU:script=hani;language=DFLT;embolden=4;"
.................................................

("E:\Program Files\MiKTeX 2.9\tex\latex\zhnumber\zhnumber.sty"
Package: zhnumber 2012/11/23 v1.6 Typesetting numbers with Chinese glyphs
.................................................
. LaTeX info: "xparse/define-command"
. 
. Defining document command \zhnumber with arg. spec. 'om' on line 39.
.................................................
.................................................
. LaTeX info: "xparse/define-command"
. 
. Defining document command \zhnum with arg. spec. 'om' on line 82.
.................................................
.................................................
. LaTeX info: "xparse/define-command"
. 
. Defining document command \zhdigits with arg. spec. 'som' on line 226.
.................................................
.................................................
. LaTeX info: "xparse/define-command"
. 
. Defining document command \zhdate with arg. spec. 'sm' on line 257.
.................................................
\g_zhnum_scale_int=\count157
.................................................
. LaTeX info: "xparse/define-command"
. 
. Defining document command \zhnumExtendScaleMap with arg. spec.
. '>{\TrimSpaces }om' on line 372.
.................................................
.................................................
. LaTeX info: "xparse/define-command"
. 
. Defining document command \zhnumsetup with arg. spec. 'm' on line 579.
.................................................

("E:\Program Files\MiKTeX 2.9\tex\latex\zhnumber\config\zhnumber-utf8.cfg"
File: zhnumber-utf8.cfg 2012/11/23 v1.6 Chinese numerals with UTF8 encoding
))
("E:\Program Files\MiKTeX 2.9\tex\latex\psnfss\pifont.sty"
Package: pifont 2005/04/12 PSNFSS-v9.2a Pi font support (SPQR) 
LaTeX Font Info:    Try loading font information for U+pzd on input line 63.

("E:\Program Files\MiKTeX 2.9\tex\latex\psnfss\upzd.fd"
File: upzd.fd 2001/06/04 font definitions for U/pzd.
)
Requested font "pzdr" at 10.0pt
LaTeX Font Info:    Try loading font information for U+psy on input line 64.

("E:\Program Files\MiKTeX 2.9\tex\latex\psnfss\upsy.fd"
File: upsy.fd 2001/06/04 font definitions for U/psy.
)
Requested font "psyr" at 10.0pt
)
("E:\Program Files\MiKTeX 2.9\tex\latex\url\url.sty"
\Urlmuskip=\muskip18
Package: url 2013/09/16  ver 3.4  Verb mode for urls, etc.
)
("E:\Program Files\MiKTeX 2.9\tex\latex\hyperref\hyperref.sty"
Package: hyperref 2012/11/06 v6.83m Hypertext links for LaTeX

("E:\Program Files\MiKTeX 2.9\tex\generic\oberdiek\hobsub-hyperref.sty"
Package: hobsub-hyperref 2012/04/25 v1.12 Bundle oberdiek, subset hyperref (HO)


("E:\Program Files\MiKTeX 2.9\tex\generic\oberdiek\hobsub-generic.sty"
Package: hobsub-generic 2012/04/25 v1.12 Bundle oberdiek, subset generic (HO)
Package: hobsub 2012/04/25 v1.12 Construct package bundles (HO)
Package hobsub Info: Skipping package `infwarerr' (already loaded).
Package hobsub Info: Skipping package `ltxcmds' (already loaded).
Package hobsub Info: Skipping package `ifluatex' (already loaded).
Package: ifvtex 2010/03/01 v1.5 Detect VTeX and its facilities (HO)
Package ifvtex Info: VTeX not detected.
Package: intcalc 2007/09/27 v1.1 Expandable calculations with integers (HO)
Package hobsub Info: Skipping package `ifpdf' (already loaded).
Package hobsub Info: Skipping package `etexcmds' (already loaded).
Package hobsub Info: Skipping package `kvsetkeys' (already loaded).
Package hobsub Info: Skipping package `kvdefinekeys' (already loaded).
Package hobsub Info: Skipping package `pdftexcmds' (already loaded).
Package: pdfescape 2011/11/25 v1.13 Implements pdfTeX's escape features (HO)
Package: bigintcalc 2012/04/08 v1.3 Expandable calculations on big integers (HO
)
Package: bitset 2011/01/30 v1.1 Handle bit-vector datatype (HO)
Package: uniquecounter 2011/01/30 v1.2 Provide unlimited unique counter (HO)
)
Package hobsub Info: Skipping package `hobsub' (already loaded).
Package: letltxmacro 2010/09/02 v1.4 Let assignment for LaTeX macros (HO)
Package: hopatch 2011/06/24 v1.1 Wrapper for package hooks (HO)
Package: xcolor-patch 2011/01/30 xcolor patch
Package: atveryend 2011/06/30 v1.8 Hooks at the very end of document (HO)
Package: atbegshi 2011/10/05 v1.16 At begin shipout hook (HO)
Package: refcount 2011/10/16 v3.4 Data extraction from label references (HO)
Package: hycolor 2011/01/30 v1.7 Color options for hyperref/bookmark (HO)
)
("E:\Program Files\MiKTeX 2.9\tex\latex\oberdiek\auxhook.sty"
Package: auxhook 2011/03/04 v1.3 Hooks for auxiliary files (HO)
)
\@linkdim=\dimen184
\Hy@linkcounter=\count158
\Hy@pagecounter=\count159

("E:\Program Files\MiKTeX 2.9\tex\latex\hyperref\pd1enc.def"
File: pd1enc.def 2012/11/06 v6.83m Hyperref: PDFDocEncoding definition (HO)
)
\Hy@SavedSpaceFactor=\count160

("E:\Program Files\MiKTeX 2.9\tex\latex\00miktex\hyperref.cfg"
File: hyperref.cfg 2002/06/06 v1.2 hyperref configuration of TeXLive
)
Package hyperref Info: Option `hyperfootnotes' set `false' on input line 4319.
Package hyperref Info: Option `bookmarksnumbered' set `true' on input line 4319
.
Package hyperref Info: Hyper figures OFF on input line 4443.
Package hyperref Info: Link nesting OFF on input line 4448.
Package hyperref Info: Hyper index ON on input line 4451.
Package hyperref Info: Plain pages OFF on input line 4458.
Package hyperref Info: Backreferencing OFF on input line 4463.
Package hyperref Info: Implicit mode ON; LaTeX internals redefined.
Package hyperref Info: Bookmarks ON on input line 4688.
\c@Hy@tempcnt=\count161
LaTeX Info: Redefining \url on input line 5041.
\XeTeXLinkMargin=\dimen185
Requested font "pzdr" at 0.00002pt
\Fld@menulength=\count162
\Field@Width=\dimen186
\Fld@charsize=\dimen187
Package hyperref Info: Hyper figures OFF on input line 6295.
Package hyperref Info: Link nesting OFF on input line 6300.
Package hyperref Info: Hyper index ON on input line 6303.
Package hyperref Info: backreferencing OFF on input line 6310.
Package hyperref Info: Link coloring OFF on input line 6315.
Package hyperref Info: Link coloring with OCG OFF on input line 6320.
Package hyperref Info: PDF/A mode OFF on input line 6325.
LaTeX Info: Redefining \ref on input line 6365.
LaTeX Info: Redefining \pageref on input line 6369.
\Hy@abspage=\count163
\c@Item=\count164
)

Package hyperref Message: Driver (autodetected): hxetex.

("E:\Program Files\MiKTeX 2.9\tex\latex\hyperref\hxetex.def"
File: hxetex.def 2012/11/06 v6.83m Hyperref driver for XeTeX

("E:\Program Files\MiKTeX 2.9\tex\latex\hyperref\puenc.def"
File: puenc.def 2012/11/06 v6.83m Hyperref: PDF Unicode definition (HO)
)
("E:\Program Files\MiKTeX 2.9\tex\generic\oberdiek\stringenc.sty"
Package: stringenc 2011/12/02 v1.10 Convert strings between diff. encodings (HO
)
)
\pdfm@box=\box50
\c@Hy@AnnotLevel=\count165
\HyField@AnnotCount=\count166
\Fld@listcount=\count167
\c@bookmark@seq@number=\count168

("E:\Program Files\MiKTeX 2.9\tex\latex\oberdiek\rerunfilecheck.sty"
Package: rerunfilecheck 2011/04/15 v1.7 Rerun checks for auxiliary files (HO)
Package rerunfilecheck Info: Feature \pdfmdfivesum is not available
(rerunfilecheck)             (e.g. pdfTeX or LuaTeX with package `pdftexcmds').

(rerunfilecheck)             Therefore file contents cannot be checked efficien
tly
(rerunfilecheck)             and the loading of the package is aborted.
)
\Hy@SectionHShift=\skip81
)
Package hyperref Info: Option `colorlinks' set `true' on input line 106.

("E:\Program Files\MiKTeX 2.9\tex\latex\glossaries\base\glossaries.sty"
Package: glossaries 2014/01/20 v4.03 (NLCT)

("E:\Program Files\MiKTeX 2.9\tex\latex\base\ifthen.sty"
Package: ifthen 2001/05/26 v1.1c Standard LaTeX ifthen package (DPC)
)
("E:\Program Files\MiKTeX 2.9\tex\latex\glossaries\base\mfirstuc.sty"
Package: mfirstuc 2013/11/04 v1.08 (NLCT)
\@glsmfirst=\toks33
\@glsmrest=\toks34
)
("E:\Program Files\MiKTeX 2.9\tex\latex\textcase\textcase.sty"
Package: textcase 2004/10/07 v0.07 Text only upper/lower case changing (DPC)
)
("E:\Program Files\MiKTeX 2.9\tex\latex\xfor\xfor.sty"
Package: xfor 2009/02/05 v1.05 (NLCT)
)
("E:\Program Files\MiKTeX 2.9\tex\latex\datatool\datatool-base.sty"
Package: datatool-base 2013/09/06 v2.18 (NLCT)

("E:\Program Files\MiKTeX 2.9\tex\latex\substr\substr.sty"
Package: substr 2009/10/20 v1.2 Handle substrings
\c@su@anzahl=\count169
)
("E:\Program Files\MiKTeX 2.9\tex\latex\datatool\datatool-fp.sty"
Package: datatool-fp 2013/08/29 v2.17 (NLCT)

("E:\Program Files\MiKTeX 2.9\tex\latex\fp\fp.sty"
Package: fp 1995/04/02

`Fixed Point Package', Version 0.8, April 2, 1995 (C) Michael Mehlich
("E:\Program Files\MiKTeX 2.9\tex\latex\fp\defpattern.sty"
Package: defpattern 1994/10/12
\actioncount=\count170
)
("E:\Program Files\MiKTeX 2.9\tex\latex\fp\fp-basic.sty"
Package: fp-basic 1996/05/13
\FP@xs=\count171
\FP@xia=\count172
\FP@xib=\count173
\FP@xfa=\count174
\FP@xfb=\count175
\FP@rega=\count176
\FP@regb=\count177
\FP@regs=\count178
\FP@times=\count179
)
("E:\Program Files\MiKTeX 2.9\tex\latex\fp\fp-addons.sty"
Package: fp-addons 1995/03/15
)
("E:\Program Files\MiKTeX 2.9\tex\latex\fp\fp-snap.sty"
Package: fp-snap 1995/04/05
)
("E:\Program Files\MiKTeX 2.9\tex\latex\fp\fp-exp.sty"
Package: fp-exp 1995/04/03
)
("E:\Program Files\MiKTeX 2.9\tex\latex\fp\fp-trigo.sty"
Package: fp-trigo 1995/04/14
)
("E:\Program Files\MiKTeX 2.9\tex\latex\fp\fp-pas.sty"
Package: fp-pas 1994/08/29
)
("E:\Program Files\MiKTeX 2.9\tex\latex\fp\fp-random.sty"
Package: fp-random 1995/02/23
\FPseed=\count180
)
("E:\Program Files\MiKTeX 2.9\tex\latex\fp\fp-eqn.sty"
Package: fp-eqn 1995/04/03
)
("E:\Program Files\MiKTeX 2.9\tex\latex\fp\fp-upn.sty"
Package: fp-upn 1996/10/21
)
("E:\Program Files\MiKTeX 2.9\tex\latex\fp\fp-eval.sty"
Package: fp-eval 1995/04/03
)))
\@dtl@toks=\toks35
\@dtl@tmpcount=\count181
\dtl@tmplength=\skip82
\dtl@sortresult=\count182
\@dtl@numgrpsepcount=\count183
\@dtl@datatype=\count184
\dtl@codeA=\count185
\dtl@codeB=\count186
\@dtl@foreach@level=\count187
)
("E:\Program Files\MiKTeX 2.9\tex\latex\glossaries\base\glossaries-compatible-3
07.sty"
Package: glossaries-compatible-307 2013/11/14 v4.0 (NLCT)
)
\gls@level=\count188
\@gls@tmpb=\toks36
\gls@tmplen=\skip83
\glswrite=\write3
\glskeylisttok=\toks37
\glslabeltok=\toks38
\glsshorttok=\toks39
\glslongtok=\toks40

("E:\Program Files\MiKTeX 2.9\tex\latex\glossaries\styles\glossary-hypernav.sty
"
Package: glossary-hypernav 2013/11/14 v4.0 (NLCT)
) ("E:\Program Files\MiKTeX 2.9\tex\latex\glossaries\styles\glossary-list.sty"
Package: glossary-list 2013/11/14 v4.0 (NLCT)
\glslistdottedwidth=\skip84
) ("E:\Program Files\MiKTeX 2.9\tex\latex\glossaries\styles\glossary-long.sty"
Package: glossary-long 2013/11/14 v4.0 (NLCT)
\glsdescwidth=\skip85
\glspagelistwidth=\skip86
) ("E:\Program Files\MiKTeX 2.9\tex\latex\glossaries\styles\glossary-super.sty"
Package: glossary-super 2013/11/14 v4.0 (NLCT)

("E:\Program Files\MiKTeX 2.9\tex\latex\supertabular\supertabular.sty"
Package: supertabular 2004/02/20 v4.1e the supertabular environment
\c@tracingst=\count189
\ST@wd=\dimen188
\ST@rightskip=\skip87
\ST@leftskip=\skip88
\ST@parfillskip=\skip89
\ST@pageleft=\dimen189
\ST@headht=\dimen190
\ST@tailht=\dimen191
\ST@pagesofar=\dimen192
\ST@pboxht=\dimen193
\ST@lineht=\dimen194
\ST@stretchht=\dimen195
\ST@prevht=\dimen196
\ST@toadd=\dimen197
\ST@dimen=\dimen198
\ST@pbox=\box51
))
("E:\Program Files\MiKTeX 2.9\tex\latex\glossaries\styles\glossary-tree.sty"
Package: glossary-tree 2013/11/14 v4.0 (NLCT)
\glstreeindent=\skip90
))
\glo@main@file=\write4
Package glossaries Info: Writing glossary file template_multifile.glo on input 
line 168.

("E:\Program Files\MiKTeX 2.9\tex\latex\standalone\standalone.sty"
Package: standalone 2012/09/15 v1.1b Package to include TeX sub-files with prea
mbles

("E:\Program Files\MiKTeX 2.9\tex\latex\currfile\currfile.sty"
Package: currfile 2013/02/01 v0.7b Provides the file path elements of the curre
nt input file

("E:\Program Files\MiKTeX 2.9\tex\latex\filehook\filehook.sty"
Package: filehook 2011/10/12 v0.5d Hooks for input files
)
\c@currfiledepth=\count190
)
("E:\Program Files\MiKTeX 2.9\tex\latex\gincltex\gincltex.sty"
("E:\Program Files\MiKTeX 2.9\tex\latex\svn-prov\svn-prov.sty"
Package: svn-prov 2010/04/24 v3.1862 Package Date/Version from SVN Keywords
)
Package: gincltex 2011/09/04 v0.3 Include external LaTeX files like graphics

("E:\Program Files\MiKTeX 2.9\tex\latex\adjustbox\adjustbox.sty"
Package: adjustbox 2012/05/21 v1.0 Adjusting TeX boxes (trim, clip, ...)

("E:\Program Files\MiKTeX 2.9\tex\latex\adjustbox\adjcalc.sty"
Package: adjcalc 2012/05/16 v1.1 Provides advanced setlength with multiple back
-ends (calc, etex, pgfmath)
)
("E:\Program Files\MiKTeX 2.9\tex\latex\adjustbox\trimclip.sty"
Package: trimclip 2012/05/16 v1.0 Trim and clip general TeX material

("E:\Program Files\MiKTeX 2.9\tex\latex\collectbox\collectbox.sty"
Package: collectbox 2012/05/17 v0.4b Collect macro arguments as boxes
\collectedbox=\box52
)
\tc@llx=\dimen199
\tc@lly=\dimen200
\tc@urx=\dimen201
Normal \dimen register pool exhausted, switching to extended pool.
\tc@ury=\dimen256
Package trimclip Info: Using driver 'tc-xetex.def'.

("E:\Program Files\MiKTeX 2.9\tex\latex\adjustbox\tc-xetex.def"
File: tc-xetex.def 2012/05/13 v1.0 Clipping driver for xetex
))
\adjbox@Width=\dimen257
\adjbox@Height=\dimen258
\adjbox@Depth=\dimen259
\adjbox@Totalheight=\dimen260

("E:\Program Files\MiKTeX 2.9\tex\latex\ifoddpage\ifoddpage.sty"
Package: ifoddpage 2011/09/13 v1.0 Conditionals for odd/even page detection
\c@checkoddpage=\count191
)
("E:\Program Files\MiKTeX 2.9\tex\latex\ltxmisc\varwidth.sty"
Package: varwidth 2009/03/30 ver 0.92;  Variable-width minipages
\@vwid@box=\box53
\sift@deathcycles=\count192
\@vwid@loff=\dimen261
\@vwid@roff=\dimen262
))
\gincltex@box=\box54
))
("E:\Program Files\MiKTeX 2.9\tex\latex\tools\calc.sty"
Package: calc 2007/08/22 v4.3 Infix arithmetic (KKT,FJ)
\calc@Acount=\count193
\calc@Bcount=\count194
\calc@Adimen=\dimen263
\calc@Bdimen=\dimen264
\calc@Askip=\skip91
\calc@Bskip=\skip92
LaTeX Info: Redefining \setlength on input line 76.
LaTeX Info: Redefining \addtolength on input line 77.
\calc@Ccount=\count195
\calc@Cskip=\skip93
)
("E:\Program Files\MiKTeX 2.9\tex\latex\float\float.sty"
Package: float 2001/11/08 v1.3d Float enhancements (AL)
\c@float@type=\count196
\float@exts=\toks41
\float@box=\box55
\@float@everytoks=\toks42
\@floatcapt=\box56
)
("E:\Program Files\MiKTeX 2.9\tex\latex\fancyvrb\fancyvrb.sty"
Package: fancyvrb 2008/02/07

Style option: `fancyvrb' v2.7a, with DG/SPQR fixes, and firstline=lastline fix 
<2008/02/07> (tvz)
\FV@CodeLineNo=\count197
\FV@InFile=\read2
\FV@TabBox=\box57
\c@FancyVerbLine=\count198
\FV@StepNumber=\count199
\FV@OutFile=\write5
)
("E:\Program Files\MiKTeX 2.9\tex\latex\fancyhdr\fancyhdr.sty"
\fancy@headwidth=\skip94
\f@ncyO@elh=\skip95
\f@ncyO@erh=\skip96
\f@ncyO@olh=\skip97
\f@ncyO@orh=\skip98
\f@ncyO@elf=\skip99
\f@ncyO@erf=\skip100
\f@ncyO@olf=\skip101
\f@ncyO@orf=\skip102
)
("E:\Program Files\MiKTeX 2.9\tex\latex\titlesec\titlesec.sty"
Package: titlesec 2011/12/15 v2.10.0 Sectioning titles
\ttl@box=\box58
\beforetitleunit=\skip103
\aftertitleunit=\skip104
\ttl@plus=\dimen265
\ttl@minus=\dimen266
\ttl@toksa=\toks43
\titlewidth=\dimen267
\titlewidthlast=\dimen268
\titlewidthfirst=\dimen269
)
("E:\Program Files\MiKTeX 2.9\tex\latex\titlesec\titletoc.sty"
Package: titletoc 2011/12/15 v1.6 TOC entries
\ttl@leftsep=\dimen270
)
("E:\Program Files\MiKTeX 2.9\tex\latex\setspace\setspace.sty"
Package: setspace 2011/12/19 v6.7a set line spacing
)
("E:\Program Files\MiKTeX 2.9\tex\latex\cite\cite.sty"
LaTeX Info: Redefining \cite on input line 302.
LaTeX Info: Redefining \nocite on input line 373.
Package: cite 2010/09/10  v 5.3
)
("E:\Program Files\MiKTeX 2.9\tex\latex\ulem\ulem.sty"
\UL@box=\box59
\UL@hyphenbox=\box60
\UL@skip=\skip105
\UL@hook=\toks44
\UL@height=\dimen271
\UL@pe=\count200
\UL@pixel=\dimen272
\ULC@box=\box61
Requested font "lasy6" scaled 1000
Package: ulem 2012/05/18
\ULdepth=\dimen273
)
("E:\Program Files\MiKTeX 2.9\tex\latex\enumitem\enumitem.sty"
Package: enumitem 2011/09/28 v3.5.2 Customized lists
\labelindent=\skip106
\enit@outerparindent=\dimen274
\enit@toks=\toks45
\enit@inbox=\box62
\enitdp@description=\count201
)
("E:\Program Files\MiKTeX 2.9\tex\latex\algorithms\algorithm.sty"
Invalid UTF-8 byte or sequence at line 11 replaced by U+FFFD.
Package: algorithm 2009/08/24 v0.1 Document Style `algorithm' - floating enviro
nment
\@float@every@algorithm=\toks46
Normal \count register pool exhausted, switching to extended pool.
\c@algorithm=\count277
)
("E:\Program Files\MiKTeX 2.9\tex\latex\algorithms\algorithmic.sty"
Invalid UTF-8 byte or sequence at line 11 replaced by U+FFFD.
Package: algorithmic 2009/08/24 v0.1 Document Style `algorithmic'
\c@ALC@unique=\count278
\c@ALC@line=\count279
\c@ALC@rem=\count280
\c@ALC@depth=\count281
\ALC@tlm=\skip107
\algorithmicindent=\skip108
)
("E:\Program Files\MiKTeX 2.9\tex\latex\booktabs\booktabs.sty"
Package: booktabs 2005/04/14 v1.61803 publication quality tables
\heavyrulewidth=\dimen275
\lightrulewidth=\dimen276
\cmidrulewidth=\dimen277
\belowrulesep=\dimen278
\belowbottomsep=\dimen279
\aboverulesep=\dimen280
\abovetopsep=\dimen281
\cmidrulesep=\dimen282
\cmidrulekern=\dimen283
\defaultaddspace=\dimen284
\@cmidla=\count282
\@cmidlb=\count283
\@aboverulesep=\dimen285
\@belowrulesep=\dimen286
\@thisruleclass=\count284
\@lastruleclass=\count285
\@thisrulewidth=\dimen287
)
("E:\Program Files\MiKTeX 2.9\tex\latex\caption\newfloat.sty"
Package: newfloat 2013/05/11 v1.1-91 Defining new floating environments (AR)
)
("E:\Program Files\MiKTeX 2.9\tex\latex\multibib\multibib.sty"
Package: multibib 2008/12/10 v1.4 Multiple bibliographies for one document.
\mb@biblabelwidth=\count286
)
("E:\Program Files\MiKTeX 2.9\tex\latex\tocbibind\tocbibind.sty"
Package: tocbibind 2010/10/13 v1.5k extra ToC listings
Package tocbibind Info: The document has chapter divisions on input line 50.


Package tocbibind Note: Using chapter style headings, unless overridden.

) ("E:\Program Files\MiKTeX 2.9\tex\latex\tocloft\tocloft.sty"
Package: tocloft 2013/05/02 v2.3f parameterised ToC, etc., typesetting
Package tocloft Info: The document has chapter divisions on input line 44.
\cftparskip=\skip109
\cftbeforetoctitleskip=\skip110
\cftaftertoctitleskip=\skip111
\cftbeforepartskip=\skip112
\cftpartnumwidth=\skip113
\cftpartindent=\skip114
\cftbeforechapskip=\skip115
\cftchapindent=\skip116
\cftchapnumwidth=\skip117
\cftbeforesecskip=\skip118
\cftsecindent=\skip119
\cftsecnumwidth=\skip120
\cftbeforesubsecskip=\skip121
\cftsubsecindent=\skip122
\cftsubsecnumwidth=\skip123
\cftbeforesubsubsecskip=\skip124
\cftsubsubsecindent=\skip125
\cftsubsubsecnumwidth=\skip126
\cftbeforeparaskip=\skip127
\cftparaindent=\skip128
\cftparanumwidth=\skip129
\cftbeforesubparaskip=\skip130
\cftsubparaindent=\skip131
\cftsubparanumwidth=\skip132
\cftbeforeloftitleskip=\skip133
\cftafterloftitleskip=\skip134
\cftbeforefigskip=\skip135
\cftfigindent=\skip136
\cftfignumwidth=\skip137
\cftbeforelottitleskip=\skip138
\cftafterlottitleskip=\skip139
\cftbeforetabskip=\skip140
\cfttabindent=\skip141
\cfttabnumwidth=\skip142
\cftbeforesubfigskip=\skip143
\cftsubfigindent=\skip144
\cftsubfignumwidth=\skip145
\cftbeforesubtabskip=\skip146
\cftsubtabindent=\skip147
\cftsubtabnumwidth=\skip148
)
("E:\Program Files\MiKTeX 2.9\tex\latex\subfigure\subfigure.sty"
Package: subfigure 2002/07/30 v2.1.4 subfigure package
\subfigtopskip=\skip149
\subfigcapskip=\skip150
\subfigcaptopadj=\dimen288
\subfigbottomskip=\skip151
\subfigcapmargin=\dimen289
\subfiglabelskip=\skip152
\c@subfigure=\count287
\c@lofdepth=\count288
\c@subtable=\count289
\c@lotdepth=\count290

****************************************
* Local config file subfigure.cfg used *
****************************************
("E:\Program Files\MiKTeX 2.9\tex\latex\subfigure\subfigure.cfg")
\subfig@top=\skip153
\subfig@bottom=\skip154
)
("E:\Program Files\MiKTeX 2.9\tex\latex\geometry\geometry.sty"
Package: geometry 2010/09/12 v5.6 Page Geometry
\Gm@cnth=\count291
\Gm@cntv=\count292
\c@Gm@tempcnt=\count293
\Gm@bindingoffset=\dimen290
\Gm@wd@mp=\dimen291
\Gm@odd@mp=\dimen292
\Gm@even@mp=\dimen293
\Gm@layoutwidth=\dimen294
\Gm@layoutheight=\dimen295
\Gm@layouthoffset=\dimen296
\Gm@layoutvoffset=\dimen297
\Gm@dimlist=\toks47

("E:\Program Files\MiKTeX 2.9\tex\xelatex\xetexconfig\geometry.cfg"))
("E:\Program Files\MiKTeX 2.9\tex\latex\titlesec\block.tss"
File: block.tss 2011/12/15
)
("E:\Program Files\MiKTeX 2.9\tex\latex\footmisc\footmisc.sty"
Package: footmisc 2011/06/06 v5.5b a miscellany of footnote facilities
\FN@temptoken=\toks48
\footnotemargin=\dimen298
\c@pp@next@reset=\count294
Package footmisc Info: Declaring symbol style bringhurst on input line 855.
Package footmisc Info: Declaring symbol style chicago on input line 863.
Package footmisc Info: Declaring symbol style wiley on input line 872.
Package footmisc Info: Declaring symbol style lamport-robust on input line 883.

Package footmisc Info: Declaring symbol style lamport* on input line 903.
Package footmisc Info: Declaring symbol style lamport*-robust on input line 924
.
)
\c@pseudopage=\count295

Couldn't patch the command
\@auxoutachievement=\write6
("F:\Phd Files\博士生答辩相关\毕业论文\分享模板\achievement.aux")
\c@theorem=\count296
)
("E:\Program Files\MiKTeX 2.9\tex\xelatex\xecjk\xeCJKfntef.sty"
Package: xeCJKfntef 2013/12/08 v3.2.9 xeCJK patch file for ulem/CJKfntef

("E:\Program Files\MiKTeX 2.9\tex\latex\cjk\CJKfntef.sty"
Package: CJKfntef 2012/05/07 4.8.3
\CJK@fntefSkip=\skip155
\CJK@nest=\count297
\CJK@fntefDimen=\dimen299
\CJK@underdotBox=\box63
\CJK@ULbox=\box64
\CJK@underanyskip=\dimen300
)
("E:\Program Files\MiKTeX 2.9\tex\latex\environ\environ.sty"
Package: environ 2013/04/01 v0.3 A new environment syntax

("E:\Program Files\MiKTeX 2.9\tex\latex\trimspaces\trimspaces.sty"
Package: trimspaces 2009/09/17 v1.1 Trim spaces around a token list
))
*************************************************
* LaTeX warning: "xparse/redefine-command"
* 
* Redefining document command \CJKunderdot with arg. spec. 'm' on line 395.
*************************************************
\g__xeCJK_under_symbol_box=\box65
*************************************************
* LaTeX warning: "xparse/redefine-command"
* 
* Redefining document command \CJKunderanysymbol with arg. spec. 'mmm' on line
* 418.
*************************************************
*************************************************
* LaTeX warning: "xparse/redefine-environment"
* 
* Redefining document environment 'CJKfilltwosides' with arg. spec. 'O{c}m' on
* line 462.
*************************************************
) ("F:\Phd Files\博士生答辩相关\毕业论文\分享模板\template_multifile.aux"
("F:\Phd Files\博士生答辩相关\毕业论文\分享模板\misc/chinese_abstract.aux")
("F:\Phd Files\博士生答辩相关\毕业论文\分享模板\misc/english_abstract.aux")
("F:\Phd Files\博士生答辩相关\毕业论文\分享模板\chapter/Abbreviations.aux")
("F:\Phd Files\博士生答辩相关\毕业论文\分享模板\chapter/Symbols.aux")
("F:\Phd Files\博士生答辩相关\毕业论文\分享模板\chapter/exordium_t.aux")
("F:\Phd Files\博士生答辩相关\毕业论文\分享模板\chapter/c2_t.aux")
("F:\Phd Files\博士生答辩相关\毕业论文\分享模板\chapter/c3_t.aux")
("F:\Phd Files\博士生答辩相关\毕业论文\分享模板\chapter/c4_t.aux")
("F:\Phd Files\博士生答辩相关\毕业论文\分享模板\chapter/c5_t.aux")
("F:\Phd Files\博士生答辩相关\毕业论文\分享模板\misc/acknowledgement.aux")

LaTeX Warning: Label `1' multiply defined.


LaTeX Warning: Label `2' multiply defined.

)
LaTeX Font Info:    Checking defaults for OML/cmm/m/it on input line 19.
LaTeX Font Info:    ... okay on input line 19.
LaTeX Font Info:    Checking defaults for T1/cmr/m/n on input line 19.
LaTeX Font Info:    ... okay on input line 19.
LaTeX Font Info:    Checking defaults for OT1/cmr/m/n on input line 19.
LaTeX Font Info:    ... okay on input line 19.
LaTeX Font Info:    Checking defaults for OMS/cmsy/m/n on input line 19.
LaTeX Font Info:    ... okay on input line 19.
LaTeX Font Info:    Checking defaults for OMX/cmex/m/n on input line 19.
LaTeX Font Info:    ... okay on input line 19.
LaTeX Font Info:    Checking defaults for U/cmr/m/n on input line 19.
LaTeX Font Info:    ... okay on input line 19.
LaTeX Font Info:    Checking defaults for EU1/lmr/m/n on input line 19.
LaTeX Font Info:    ... okay on input line 19.
LaTeX Font Info:    Checking defaults for T3/cmr/m/n on input line 19.
LaTeX Font Info:    Try loading font information for T3+cmr on input line 19.
 ("E:\Program Files\MiKTeX 2.9\tex\latex\tipa\t3cmr.fd"
File: t3cmr.fd 2001/12/31 TIPA font definitions
)
LaTeX Font Info:    ... okay on input line 19.
LaTeX Font Info:    Checking defaults for PD1/pdf/m/n on input line 19.
LaTeX Font Info:    ... okay on input line 19.
LaTeX Font Info:    Checking defaults for PU/pdf/m/n on input line 19.
LaTeX Font Info:    ... okay on input line 19.
Requested font "Times New Roman/ICU:script=latn;language=DFLT;" at 12.0pt
 -> C:/WINDOWS/Fonts/times.ttf
Package caption Info: Begin \AtBeginDocument code.
Package caption Info: float package is loaded.
Package caption Info: hyperref package is loaded.
Package caption Info: longtable package is loaded.

("E:\Program Files\MiKTeX 2.9\tex\latex\caption\ltcaption.sty"
Package: ltcaption 2013/02/03 v1.3-62 longtable captions (AR)
)
Package caption Info: subfigure package is loaded.
Package caption Info: supertabular package is loaded.
Package caption Info: End \AtBeginDocument code.

ABD: EverySelectfont initializing macros

LaTeX Warning: Command \selectfont   has changed.
               Check if current package is valid.

LaTeX Info: Redefining \selectfont on input line 19.
\AtBeginShipoutBox=\box66
Package hyperref Info: Link coloring ON on input line 19.
("E:\Program Files\MiKTeX 2.9\tex\latex\hyperref\nameref.sty"
Package: nameref 2012/10/27 v2.43 Cross-referencing by name of section

("E:\Program Files\MiKTeX 2.9\tex\generic\oberdiek\gettitlestring.sty"
Package: gettitlestring 2010/12/03 v1.4 Cleanup title references (HO)
)
\c@section@level=\count298
)
LaTeX Info: Redefining \ref on input line 19.
LaTeX Info: Redefining \pageref on input line 19.
LaTeX Info: Redefining \nameref on input line 19.

("F:\Phd Files\博士生答辩相关\毕业论文\分享模板\template_multifile.out")
("F:\Phd Files\博士生答辩相关\毕业论文\分享模板\template_multifile.out")
\@outlinefile=\write7

*geometry* detected driver: pdftex
*geometry* verbose mode - [ preamble ] result:
* driver: pdftex
* paper: a4paper
* layout: <same size as paper>
* layoutoffset:(h,v)=(0.0pt,0.0pt)
* modes: twoside 
* h-part:(L,W,R)=(85.35826pt, 426.79135pt, 85.35826pt)
* v-part:(T,H,B)=(88.2037pt, 668.63943pt, 88.2037pt)
* \paperwidth=597.50787pt
* \paperheight=845.04684pt
* \textwidth=426.79135pt
* \textheight=668.63943pt
* \oddsidemargin=13.08827pt
* \evensidemargin=13.08827pt
* \topmargin=-15.94008pt
* \headheight=15.0pt
* \headsep=19.8738pt
* \topskip=15.6491pt
* \footskip=25.6073pt
* \marginparwidth=98.0pt
* \marginparsep=7.0pt
* \columnsep=10.0pt
* \skip\footins=10.8pt plus 4.0pt minus 2.0pt
* \hoffset=0.0pt
* \voffset=0.0pt
* \mag=1000
* \@twocolumnfalse
* \@twosidetrue
* \@mparswitchtrue
* \@reversemarginfalse
* (1in=72.27pt=25.4mm, 1cm=28.453pt)

*************************************************
* LaTeX warning: "xparse/redefine-command"
* 
* Redefining document command \Pifont with arg. spec. 'm' on line 19.
*************************************************
Requested font "Times New Roman/ICU:script=latn;language=DFLT;" at 22.0pt
 -> C:/WINDOWS/Fonts/times.ttf
Requested font "SimSun/ICU:script=hani;language=DFLT;" at 22.0pt
 -> C:/WINDOWS/Fonts/simsun.ttc
Requested font "Times New Roman/ICU:script=latn;language=DFLT;" at 42.0pt
 -> C:/WINDOWS/Fonts/times.ttf
Requested font "SimSun/ICU:script=hani;language=DFLT;" at 42.0pt
 -> C:/WINDOWS/Fonts/simsun.ttc
Requested font "Times New Roman/ICU:script=latn;language=DFLT;" at 16.0pt
 -> C:/WINDOWS/Fonts/times.ttf
Requested font "Times New Roman/B/ICU:script=latn;language=DFLT;" at 16.0pt
 -> C:/WINDOWS/Fonts/timesbd.ttf
File: logo.eps Graphic file (type eps)
<logo.eps>
Requested font "Times New Roman/ICU:script=latn;language=DFLT;" at 10.5pt
 -> C:/WINDOWS/Fonts/times.ttf
LaTeX Font Info:    Calculating math sizes for size <10.5> on input line 21.
LaTeX Font Info:    Try loading font information for OT1+lmr on input line 21.
 ("E:\Program Files\MiKTeX 2.9\tex\latex\lm\ot1lmr.fd"
File: ot1lmr.fd 2009/10/30 v1.6 Font defs for Latin Modern
)
Requested font "rm-lmr10" at 10.5pt
Requested font "rm-lmr7" at 7.34996pt
Requested font "rm-lmr5" at 5.25pt
LaTeX Font Info:    Try loading font information for OML+lmm on input line 21.

("E:\Program Files\MiKTeX 2.9\tex\latex\lm\omllmm.fd"
File: omllmm.fd 2009/10/30 v1.6 Font defs for Latin Modern
)
Requested font "lmmi10" at 10.5pt
Requested font "lmmi7" at 7.34996pt
Requested font "lmmi5" at 5.25pt
LaTeX Font Info:    Try loading font information for OMS+lmsy on input line 21.


("E:\Program Files\MiKTeX 2.9\tex\latex\lm\omslmsy.fd"
File: omslmsy.fd 2009/10/30 v1.6 Font defs for Latin Modern
)
Requested font "lmsy10" at 10.5pt
Requested font "lmsy7" at 7.34996pt
Requested font "lmsy5" at 5.25pt
LaTeX Font Info:    Try loading font information for OMX+lmex on input line 21.


("E:\Program Files\MiKTeX 2.9\tex\latex\lm\omxlmex.fd"
File: omxlmex.fd 2009/10/30 v1.6 Font defs for Latin Modern
)
LaTeX Font Info:    External font `lmex10' loaded for size
(Font)              <10.5> on input line 21.
Requested font "lmex10" scaled 1000
LaTeX Font Info:    External font `lmex10' loaded for size
(Font)              <7.34996> on input line 21.
LaTeX Font Info:    External font `lmex10' loaded for size
(Font)              <5.25> on input line 21.
LaTeX Font Info:    Try loading font information for U+msa on input line 21.

("E:\Program Files\MiKTeX 2.9\tex\latex\amsfonts\umsa.fd"
File: umsa.fd 2013/01/14 v3.01 AMS symbols A
)
Requested font "msam10" at 10.5pt
Requested font "msam7" at 7.34996pt
Requested font "msam5" at 5.25pt
LaTeX Font Info:    Try loading font information for U+msb on input line 21.

("E:\Program Files\MiKTeX 2.9\tex\latex\amsfonts\umsb.fd"
File: umsb.fd 2013/01/14 v3.01 AMS symbols B
)
Requested font "msbm10" at 10.5pt
Requested font "msbm7" at 7.34996pt
Requested font "msbm5" at 5.25pt
Requested font "rm-lmbx10" at 10.5pt
Requested font "rm-lmbx7" at 7.34996pt
Requested font "rm-lmbx5" at 5.25pt
Requested font "lmmib10" at 10.5pt
Requested font "lmmib7" at 7.34996pt
Requested font "lmmib5" at 5.25pt
Requested font "lmbsy10" at 10.5pt
Requested font "lmbsy7" at 7.34996pt
Requested font "lmbsy5" at 5.25pt
Requested font "Times New Roman/ICU:script=latn;language=DFLT;" at 7.34996pt
 -> C:/WINDOWS/Fonts/times.ttf
Requested font "Times New Roman/ICU:script=latn;language=DFLT;" at 5.25pt
 -> C:/WINDOWS/Fonts/times.ttf
Requested font "Times New Roman/I/ICU:script=latn;language=DFLT;" at 10.5pt
 -> C:/WINDOWS/Fonts/timesi.ttf
Requested font "Times New Roman/I/ICU:script=latn;language=DFLT;" at 7.34996pt
 -> C:/WINDOWS/Fonts/timesi.ttf
Requested font "Times New Roman/I/ICU:script=latn;language=DFLT;" at 5.25pt
 -> C:/WINDOWS/Fonts/timesi.ttf
Requested font "Times New Roman/ICU:script=latn;language=DFLT;" at 18.0pt
 -> C:/WINDOWS/Fonts/times.ttf

*************************************************
* xeCJK warning: "CJKfamily-Unknown"
* 
* Unknown CJK family `xbs' is being ignored.
* 
* Try to use `\setCJKfamilyfont{xbs}[...]{...}' to define it.
*************************************************
Requested font "SimSun/ICU:script=hani;language=DFLT;" at 18.0pt
 -> C:/WINDOWS/Fonts/simsun.ttc

Overfull \hbox (1.65108pt too wide) in paragraph at lines 21--21
 [][] 
 []

Requested font "SimSun/ICU:script=hani;language=DFLT;" at 16.0pt
 -> C:/WINDOWS/Fonts/simsun.ttc
Requested font "SimSun/ICU:script=hani;language=DFLT;embolden=4;" at 16.0pt
 -> C:/WINDOWS/Fonts/simsun.ttc
("E:\Program Files\MiKTeX 2.9\tex\generic\oberdiek\se-ascii-print.def"
File: se-ascii-print.def 2011/12/02 v1.10 stringenc: Printable ASCII characters

)
[1

]
Requested font "SimSun/ICU:script=hani;language=DFLT;" at 12.0pt
 -> C:/WINDOWS/Fonts/simsun.ttc
Requested font "rm-lmr12" at 12.0pt
Requested font "rm-lmr8" at 8.0pt
Requested font "rm-lmr6" at 6.0pt
Requested font "lmmi12" at 12.0pt
Requested font "lmmi8" at 8.0pt
Requested font "lmmi6" at 6.0pt
Requested font "lmsy10" at 12.0pt
Requested font "lmsy8" at 8.0pt
Requested font "lmsy6" at 6.0pt
LaTeX Font Info:    External font `lmex10' loaded for size
(Font)              <12> on input line 21.
LaTeX Font Info:    External font `lmex10' loaded for size
(Font)              <8> on input line 21.
LaTeX Font Info:    External font `lmex10' loaded for size
(Font)              <6> on input line 21.
Requested font "msam10" at 12.0pt
Requested font "msam10" at 8.0pt
Requested font "msam7" at 6.0pt
Requested font "msbm10" at 12.0pt
Requested font "msbm10" at 8.0pt
Requested font "msbm7" at 6.0pt
Requested font "rm-lmbx12" at 12.0pt
Requested font "rm-lmbx8" at 8.0pt
Requested font "rm-lmbx6" at 6.0pt
Requested font "lmmib10" at 12.0pt
Requested font "lmmib10" at 8.0pt
Requested font "lmmib7" at 6.0pt
Requested font "lmbsy10" at 12.0pt
Requested font "lmbsy10" at 8.0pt
Requested font "lmbsy7" at 6.0pt
Requested font "Times New Roman/ICU:script=latn;language=DFLT;" at 8.0pt
 -> C:/WINDOWS/Fonts/times.ttf
Requested font "Times New Roman/ICU:script=latn;language=DFLT;" at 6.0pt
 -> C:/WINDOWS/Fonts/times.ttf
Requested font "Times New Roman/I/ICU:script=latn;language=DFLT;" at 12.0pt
 -> C:/WINDOWS/Fonts/timesi.ttf
Requested font "Times New Roman/I/ICU:script=latn;language=DFLT;" at 8.0pt
 -> C:/WINDOWS/Fonts/timesi.ttf
Requested font "Times New Roman/I/ICU:script=latn;language=DFLT;" at 6.0pt
 -> C:/WINDOWS/Fonts/timesi.ttf
Requested font "SimSun/ICU:script=hani;language=DFLT;" at 8.0pt
 -> C:/WINDOWS/Fonts/simsun.ttc

Overfull \hbox (0.55862pt too wide) in paragraph at lines 21--21
\EU1/SimSun(0)/m/n/12 分 类 号     密 级     
 []


Underfull \hbox (badness 10000) in paragraph at lines 21--21

 []

Requested font "Times New Roman/ICU:script=latn;language=DFLT;" at 36.0pt
 -> C:/WINDOWS/Fonts/times.ttf
Requested font "SimHei/ICU" at 36.0pt
 -> C:/WINDOWS/Fonts/simhei.ttf
Requested font "SimHei/ICU" at 36.0pt
 -> C:/WINDOWS/Fonts/simhei.ttf
\g_fontspec_family_SimHei_int=\count299
Requested font "SimHei/ICU" at 36.0pt
 -> C:/WINDOWS/Fonts/simhei.ttf
Requested font "SimHei/ICU" at 36.0pt
 -> C:/WINDOWS/Fonts/simhei.ttf
Requested font "SimHei/B/ICU" at 36.0pt
 -> C:/WINDOWS/Fonts/simhei.ttf
.................................................
. fontspec info: "no-font-shape"
. 
. Could not resolve font SimHei/B (it probably doesn't exist).
.................................................
Requested font "SimHei/ICU" at 36.0pt
 -> C:/WINDOWS/Fonts/simhei.ttf
Requested font "SimHei/I/ICU" at 36.0pt
 -> C:/WINDOWS/Fonts/simhei.ttf
.................................................
. fontspec info: "no-font-shape"
. 
. Could not resolve font SimHei/I (it probably doesn't exist).
.................................................
Requested font "SimHei/ICU" at 36.0pt
 -> C:/WINDOWS/Fonts/simhei.ttf
Requested font "SimHei/BI/ICU" at 36.0pt
 -> C:/WINDOWS/Fonts/simhei.ttf
.................................................
. fontspec info: "no-font-shape"
. 
. Could not resolve font SimHei/BI (it probably doesn't exist).
.................................................
.................................................
. fontspec info: "defining-font"
. 
. Font family 'SimHei(0)' created for font 'SimHei' with options
. [Script={CJK}].
. 
. This font family consists of the following shapes:
. 
. * 'normal' with NFSS spec.:
. <->"SimHei/ICU:script=hani;language=DFLT;"
.................................................
Requested font "SimHei/ICU:script=hani;language=DFLT;" at 36.0pt
 -> C:/WINDOWS/Fonts/simhei.ttf
Requested font "Times New Roman/B/ICU:script=latn;language=DFLT;" at 22.0pt
 -> C:/WINDOWS/Fonts/timesbd.ttf
[2]
Requested font "Times New Roman/ICU:script=latn;language=DFLT;" at 21.0pt
 -> C:/WINDOWS/Fonts/times.ttf
Requested font "Times New Roman/B/ICU:script=latn;language=DFLT;" at 21.0pt
 -> C:/WINDOWS/Fonts/timesbd.ttf
Requested font "Times New Roman/ICU:script=latn;language=DFLT;" at 15.0pt
 -> C:/WINDOWS/Fonts/times.ttf
Requested font "Times New Roman/B/ICU:script=latn;language=DFLT;" at 15.0pt
 -> C:/WINDOWS/Fonts/timesbd.ttf
 [0]
Requested font "SimHei/ICU:script=hani;language=DFLT;" at 18.0pt
 -> C:/WINDOWS/Fonts/simhei.ttf
Requested font "Times New Roman/ICU:script=latn;language=DFLT;" at 14.05pt
 -> C:/WINDOWS/Fonts/times.ttf
Requested font "SimSun/ICU:script=hani;language=DFLT;" at 14.05pt
 -> C:/WINDOWS/Fonts/simsun.ttc

Underfull \hbox (badness 10000) in paragraph at lines 21--21

 []


Underfull \hbox (badness 10000) in paragraph at lines 21--21

 []


Underfull \hbox (badness 10000) in paragraph at lines 21--21

 []

Requested font "Times New Roman/ICU:script=latn;language=DFLT;" at 14.0pt
 -> C:/WINDOWS/Fonts/times.ttf
Requested font "SimSun/ICU:script=hani;language=DFLT;" at 14.0pt
 -> C:/WINDOWS/Fonts/simsun.ttc
[-1] ("F:\Phd Files\博士生答辩相关\毕业论文\分享模板\misc/chinese_abstract.tex"
Requested font "SimHei/ICU:script=hani;language=DFLT;" at 15.0pt
 -> C:/WINDOWS/Fonts/simhei.ttf
Requested font "Times New Roman/B/ICU:script=latn;language=DFLT;" at 12.0pt
 -> C:/WINDOWS/Fonts/timesbd.ttf
Requested font "SimSun/ICU:script=hani;language=DFLT;embolden=4;" at 12.0pt
 -> C:/WINDOWS/Fonts/simsun.ttc

Overfull \hbox (2.0pt too wide) in paragraph at lines 22--23
[] []
 []

LaTeX Font Info:    Font shape `EU1/TimesNewRoman(0)/m/sl' in size <12> not ava
ilable
(Font)              Font shape `EU1/TimesNewRoman(0)/m/it' tried instead on inp
ut line 23.
Requested font "Times New Roman/I/ICU:script=latn;language=DFLT;" at 12.0pt
 -> C:/WINDOWS/Fonts/timesi.ttf
Requested font "SimSun/ICU:script=hani;language=DFLT;" at 10.5pt
 -> C:/WINDOWS/Fonts/simsun.ttc
Requested font "Times New Roman/ICU:script=latn;language=DFLT;" at 9.0pt
 -> C:/WINDOWS/Fonts/times.ttf
[1


]) ("F:\Phd Files\博士生答辩相关\毕业论文\分享模板\misc/english_abstract.tex"
Underfull \hbox (badness 3260) in paragraph at lines 20--20
[]\EU1/TimesNewRoman(0)/m/n/12 time-domain electromagnetic scattering, time-dom
ain integral equation
 []


Overfull \hbox (2.0pt too wide) in paragraph at lines 20--22
[] []
 []


Underfull \hbox (badness 10000) in paragraph at lines 20--22

 []

) [2



] ("F:\Phd Files\博士生答辩相关\毕业论文\分享模板\template_multifile.toc"
Requested font "SimHei/ICU:script=hani;language=DFLT;" at 12.0pt
 -> C:/WINDOWS/Fonts/simhei.ttf
 [3


])
\tf@toc=\write8
 [4]
("F:\Phd Files\博士生答辩相关\毕业论文\分享模板\chapter/Abbreviations.tex") [1


]
("F:\Phd Files\博士生答辩相关\毕业论文\分享模板\chapter/Symbols.tex" [1



]) [2

]
("F:\Phd Files\博士生答辩相关\毕业论文\分享模板\chapter/exordium_t.tex"
Chapter 第一章.
Requested font "Times New Roman/B/ICU:script=latn;language=DFLT;" at 14.0pt
 -> C:/WINDOWS/Fonts/timesbd.ttf
Requested font "SimHei/ICU:script=hani;language=DFLT;" at 14.0pt
 -> C:/WINDOWS/Fonts/simhei.ttf
Requested font "pzdr" at 8.0pt
Requested font "pzdr" at 9.0pt
Requested font "SimSun/ICU:script=hani;language=DFLT;" at 9.0pt
 -> C:/WINDOWS/Fonts/simsun.ttc
) [1



] ("F:\Phd Files\博士生答辩相关\毕业论文\分享模板\chapter/c2_t.tex"
Chapter 第二章.

LaTeX Font Warning: Font shape `EU1/SimHei(0)/m/it' undefined
(Font)              using `EU1/SimHei(0)/m/n' instead on input line 20.

Requested font "SimHei/ICU:script=hani;language=DFLT;" at 12.0pt
 -> C:/WINDOWS/Fonts/simhei.ttf
Requested font "SimHei/ICU:script=hani;language=DFLT;" at 8.0pt
 -> C:/WINDOWS/Fonts/simhei.ttf
Requested font "SimHei/ICU:script=hani;language=DFLT;" at 8.0pt
 -> C:/WINDOWS/Fonts/simhei.ttf
Requested font "SimHei/ICU:script=hani;language=DFLT;" at 6.0pt
 -> C:/WINDOWS/Fonts/simhei.ttf
Requested font "SimHei/ICU:script=hani;language=DFLT;" at 6.0pt
 -> C:/WINDOWS/Fonts/simhei.ttf
File: ./pic/pica.pdf Graphic file (type QTm)
<use  "./pic/pica.pdf" >
Requested font "Times New Roman/B/ICU:script=latn;language=DFLT;" at 8.0pt
 -> C:/WINDOWS/Fonts/timesbd.ttf
Requested font "Times New Roman/B/ICU:script=latn;language=DFLT;" at 6.0pt
 -> C:/WINDOWS/Fonts/timesbd.ttf
 [2



]
File: ./pic/picb.pdf Graphic file (type QTm)
 <use  "./pic/picb.pdf" >
File: ./pic/picc.pdf Graphic file (type QTm)
 <use  "./pic/picc.pdf" >
[3] [4]
Chapter 第三章.
File: figures/pica.pdf Graphic file (type QTm)
<use  "figures/pica.pdf" >
File: figures/picb.pdf Graphic file (type QTm)
 <use  "figures/picb.pdf" > [5

]) [6]
("F:\Phd Files\博士生答辩相关\毕业论文\分享模板\chapter/c3_t.tex"
Chapter 第四章.
Requested font "Times New Roman/B/ICU:script=latn;language=DFLT;" at 10.5pt
 -> C:/WINDOWS/Fonts/timesbd.ttf
Requested font "Times New Roman/B/ICU:script=latn;language=DFLT;" at 7.34996pt
 -> C:/WINDOWS/Fonts/timesbd.ttf
Requested font "Times New Roman/B/ICU:script=latn;language=DFLT;" at 5.25pt
 -> C:/WINDOWS/Fonts/timesbd.ttf

LaTeX Warning: `h' float specifier changed to `ht'.

Package hyperref Info: bookmark level for unknown algorithm defaults to 0 on in
put line 91.
[7



]) [8] ("F:\Phd Files\博士生答辩相关\毕业论文\分享模板\chapter/c4_t.tex"
Chapter 第五章.
[9



]
File: ./pic/picd.pdf Graphic file (type QTm)
 <use  "./pic/picd.pdf" >
File: ./pic/pice.pdf Graphic file (type QTm)
 <use  "./pic/pice.pdf" >) [10]
("F:\Phd Files\博士生答辩相关\毕业论文\分享模板\chapter/c5_t.tex"
Chapter 第六章.
) [11



] ("F:\Phd Files\博士生答辩相关\毕业论文\分享模板\misc/acknowledgement.tex") [12



]
("F:\Phd Files\博士生答辩相关\毕业论文\分享模板\template_multifile.bbl") [13


]

Package caption Warning: Unused \captionsetup[subfigure] on input line 398.
See the caption package documentation for explanation.


Package glossaries Warning: No \printglossary or \printglossaries found.
This document will not have a glossary.

Package atveryend Info: Empty hook `BeforeClearDocument' on input line 105.
[14

]
Package atveryend Info: Empty hook `AfterLastShipout' on input line 105.
 ("F:\Phd Files\博士生答辩相关\毕业论文\分享模板\template_multifile.aux"
("F:\Phd Files\博士生答辩相关\毕业论文\分享模板\misc/chinese_abstract.aux")
("F:\Phd Files\博士生答辩相关\毕业论文\分享模板\misc/english_abstract.aux")
("F:\Phd Files\博士生答辩相关\毕业论文\分享模板\chapter/Abbreviations.aux")
("F:\Phd Files\博士生答辩相关\毕业论文\分享模板\chapter/Symbols.aux")
("F:\Phd Files\博士生答辩相关\毕业论文\分享模板\chapter/exordium_t.aux")
("F:\Phd Files\博士生答辩相关\毕业论文\分享模板\chapter/c2_t.aux")
("F:\Phd Files\博士生答辩相关\毕业论文\分享模板\chapter/c3_t.aux")
("F:\Phd Files\博士生答辩相关\毕业论文\分享模板\chapter/c4_t.aux")
("F:\Phd Files\博士生答辩相关\毕业论文\分享模板\chapter/c5_t.aux")
("F:\Phd Files\博士生答辩相关\毕业论文\分享模板\misc/acknowledgement.aux"))
Package atveryend Info: Empty hook `AtVeryEndDocument' on input line 105.
Package atveryend Info: Empty hook `AtEndAfterFileList' on input line 105.


LaTeX Font Warning: Some font shapes were not available, defaults substituted.


LaTeX Warning: There were multiply-defined labels.

 ) 
Here is how much of TeX's memory you used:
 34730 strings out of 429025
 622820 string characters out of 3167801
 762261 words of memory out of 3000000
 37292 multiletter control sequences out of 15000+200000
 52216 words of font info for 135 fonts, out of 3000000 for 9000
 912 hyphenation exceptions out of 8191
 58i,14n,79p,10471b,974s stack positions out of 5000i,500n,10000p,200000b,50000s

Output written on template_multifile.pdf (25 pages).
